[INFO] Working in: /var/lib/condor/execute/dir_1414689
cards
gridpack_generation.sh
macros
patches
PLUGIN
runcmsgrid_LO.sh
runcmsgrid_NLO.sh
submit_cmsconnect_gridpack_generation.sh
submit_cmsconnect_gridpack_generation_singlejob.sh
submit_condor_gridpack_generation.sh
submit_gridpack_generation_local.sh
submit_gridpack_generation.sh
Utilities
AlmaLinux release 9.5 (Teal Serval)
Running gridpack generation step ALL
Starting job on  Tue Apr 22 07:04:28 PM KST 2025
Running on  Linux node-w13 5.14.0-503.31.1.el9_5.x86_64 #1 SMP PREEMPT_DYNAMIC Thu Mar 13 06:50:51 EDT 2025 x86_64 x86_64 x86_64 GNU/Linux
System release  AlmaLinux release 9.5 (Teal Serval)
name: WRtoNLtoLLJJtb_WR1000_N900
carddir: cards/0tb_channel/LO/WRtoNLtoLLJJtb_WR1000_N900
queue: pdmv
scram_arch: el9_amd64_gcc11
cmssw_version: CMSSW_13_2_9
On branch master
Your branch is up to date with 'origin/master'.

Untracked files:
  (use "git add <file>..." to include in what will be committed)
	WRtoNLtoLLJJtb_WR1000_N900.log

nothing added to commit but untracked files present (use "git add" to track)
Current git revision is:
14038b4fe407289b03391679cf45c0224a2f4e2b
/var/lib/condor/execute/dir_1414689/gen_for_LRSM_tb/genproductions/bin/MadGraph5_aMCatNLO
WARNING: In non-interactive mode release checks e.g. deprecated releases, production architectures are disabled.
--2025-04-22 19:04:35--  https://cms-project-generators.web.cern.ch/cms-project-generators/MG5_aMC_v2.9.18.tar.gz
Resolving cms-project-generators.web.cern.ch (cms-project-generators.web.cern.ch)... 188.185.18.46, 188.185.50.104, 188.185.5.88, ...
Connecting to cms-project-generators.web.cern.ch (cms-project-generators.web.cern.ch)|188.185.18.46|:443... connected.
HTTP request sent, awaiting response... 200 OK
Length: 26651876 (25M) [application/x-gzip]
Saving to: 'MG5_aMC_v2.9.18.tar.gz'

     0K .......... .......... .......... .......... ..........  0%  181K 2m24s
    50K .......... .......... .......... .......... ..........  0%  202K 2m16s
   100K .......... .......... .......... .......... ..........  0% 3.27M 93s
   150K .......... .......... .......... .......... ..........  0% 1.20M 75s
   200K .......... .......... .......... .......... ..........  0%  226K 83s
   250K .......... .......... .......... .......... ..........  1% 88.5M 69s
   300K .......... .......... .......... .......... ..........  1%  127M 59s
   350K .......... .......... .......... .......... ..........  1% 38.4M 51s
   400K .......... .......... .......... .......... ..........  1%  204K 60s
   450K .......... .......... .......... .......... ..........  1% 3.42M 54s
   500K .......... .......... .......... .......... ..........  2%  120M 49s
   550K .......... .......... .......... .......... ..........  2% 97.8M 45s
   600K .......... .......... .......... .......... ..........  2%  135M 42s
   650K .......... .......... .......... .......... ..........  2% 98.3K 57s
   700K .......... .......... .......... .......... ..........  2% 40.9M 53s
   750K .......... .......... .......... .......... ..........  3% 94.3M 50s
   800K .......... .......... .......... .......... ..........  3%  121M 47s
   850K .......... .......... .......... .......... ..........  3%  122M 44s
   900K .......... .......... .......... .......... ..........  3%  103M 42s
   950K .......... .......... .......... .......... ..........  3%  116M 39s
  1000K .......... .......... .......... .......... ..........  4%  125M 37s
  1050K .......... .......... .......... .......... ..........  4%  118M 36s
  1100K .......... .......... .......... .......... ..........  4%  624K 36s
  1150K .......... .......... .......... .......... ..........  4%  146M 34s
  1200K .......... .......... .......... .......... ..........  4%  181M 33s
  1250K .......... .......... .......... .......... ..........  4%  149M 32s
  1300K .......... .......... .......... .......... ..........  5%  175M 30s
  1350K .......... .......... .......... .......... ..........  5%  149K 35s
  1400K .......... .......... .......... .......... ..........  5%  166M 34s
  1450K .......... .......... .......... .......... ..........  5%  488K 34s
  1500K .......... .......... .......... .......... ..........  5%  101M 33s
  1550K .......... .......... .......... .......... ..........  6%  123M 32s
  1600K .......... .......... .......... .......... ..........  6%  132M 31s
  1650K .......... .......... .......... .......... ..........  6%  131M 30s
  1700K .......... .......... .......... .......... ..........  6%  120M 29s
  1750K .......... .......... .......... .......... ..........  6%  135M 28s
  1800K .......... .......... .......... .......... ..........  7%  136M 27s
  1850K .......... .......... .......... .......... ..........  7%  131M 27s
  1900K .......... .......... .......... .......... ..........  7%  113M 26s
  1950K .......... .......... .......... .......... ..........  7%  134M 25s
  2000K .......... .......... .......... .......... ..........  7%  137M 25s
  2050K .......... .......... .......... .......... ..........  8%  125M 24s
  2100K .......... .......... .......... .......... ..........  8%  132M 23s
  2150K .......... .......... .......... .......... ..........  8%  136M 23s
  2200K .......... .......... .......... .......... ..........  8%  129M 22s
  2250K .......... .......... .......... .......... ..........  8%  108M 22s
  2300K .......... .......... .......... .......... ..........  9%  134M 21s
  2350K .......... .......... .......... .......... ..........  9%  133M 21s
  2400K .......... .......... .......... .......... ..........  9%  139M 20s
  2450K .......... .......... .......... .......... ..........  9%  126M 20s
  2500K .......... .......... .......... .......... ..........  9% 5.95M 19s
  2550K .......... .......... .......... .......... ..........  9%  117M 19s
  2600K .......... .......... .......... .......... .......... 10% 26.7M 19s
  2650K .......... .......... .......... .......... .......... 10% 98.5M 18s
  2700K .......... .......... .......... .......... .......... 10% 1.22M 18s
  2750K .......... .......... .......... .......... .......... 10% 1.84M 18s
  2800K .......... .......... .......... .......... .......... 10%  109M 18s
  2850K .......... .......... .......... .......... .......... 11%  149K 20s
  2900K .......... .......... .......... .......... .......... 11%  235M 20s
  2950K .......... .......... .......... .......... .......... 11%  268M 19s
  3000K .......... .......... .......... .......... .......... 11%  222M 19s
  3050K .......... .......... .......... .......... .......... 11%  254M 19s
  3100K .......... .......... .......... .......... .......... 12%  273M 18s
  3150K .......... .......... .......... .......... .......... 12%  267M 18s
  3200K .......... .......... .......... .......... .......... 12%  246M 18s
  3250K .......... .......... .......... .......... .......... 12%  265M 17s
  3300K .......... .......... .......... .......... .......... 12%  248M 17s
  3350K .......... .......... .......... .......... .......... 13%  271M 17s
  3400K .......... .......... .......... .......... .......... 13%  218M 16s
  3450K .......... .......... .......... .......... .......... 13%  497K 17s
  3500K .......... .......... .......... .......... .......... 13% 38.6M 17s
  3550K .......... .......... .......... .......... .......... 13% 3.37M 16s
  3600K .......... .......... .......... .......... .......... 14% 98.2M 16s
  3650K .......... .......... .......... .......... .......... 14% 1.15M 16s
  3700K .......... .......... .......... .......... .......... 14%  176M 16s
  3750K .......... .......... .......... .......... .......... 14% 1.85M 16s
  3800K .......... .......... .......... .......... .......... 14% 68.1M 16s
  3850K .......... .......... .......... .......... .......... 14%  284K 16s
  3900K .......... .......... .......... .......... .......... 15% 39.3M 16s
  3950K .......... .......... .......... .......... .......... 15% 3.40M 16s
  4000K .......... .......... .......... .......... .......... 15% 72.1M 16s
  4050K .......... .......... .......... .......... .......... 15% 30.9M 16s
  4100K .......... .......... .......... .......... .......... 15% 1.19M 16s
  4150K .......... .......... .......... .......... .......... 16% 1.85M 15s
  4200K .......... .......... .......... .......... .......... 16%  106M 15s
  4250K .......... .......... .......... .......... .......... 16%  679K 15s
  4300K .......... .......... .......... .......... .......... 16%  483K 16s
  4350K .......... .......... .......... .......... .......... 16% 64.0M 15s
  4400K .......... .......... .......... .......... .......... 17% 3.41M 15s
  4450K .......... .......... .......... .......... .......... 17% 55.2M 15s
  4500K .......... .......... .......... .......... .......... 17% 1.16M 15s
  4550K .......... .......... .......... .......... .......... 17% 1.86M 15s
  4600K .......... .......... .......... .......... .......... 17%  108M 15s
  4650K .......... .......... .......... .......... .......... 18%  106M 15s
  4700K .......... .......... .......... .......... .......... 18%  284K 15s
  4750K .......... .......... .......... .......... .......... 18% 43.1M 15s
  4800K .......... .......... .......... .......... .......... 18% 3.53M 15s
  4850K .......... .......... .......... .......... .......... 18% 44.5M 15s
  4900K .......... .......... .......... .......... .......... 19% 33.0M 15s
  4950K .......... .......... .......... .......... .......... 19% 1.17M 15s
  5000K .......... .......... .......... .......... .......... 19% 1.87M 15s
  5050K .......... .......... .......... .......... .......... 19%  101M 14s
  5100K .......... .......... .......... .......... .......... 19%  678K 14s
  5150K .......... .......... .......... .......... .......... 19%  487K 15s
  5200K .......... .......... .......... .......... .......... 20% 49.0M 15s
  5250K .......... .......... .......... .......... .......... 20% 3.50M 14s
  5300K .......... .......... .......... .......... .......... 20% 45.3M 14s
  5350K .......... .......... .......... .......... .......... 20% 33.1M 14s
  5400K .......... .......... .......... .......... .......... 20% 1.18M 14s
  5450K .......... .......... .......... .......... .......... 21% 1.86M 14s
  5500K .......... .......... .......... .......... .......... 21%  104M 14s
  5550K .......... .......... .......... .......... .......... 21% 1.13M 14s
  5600K .......... .......... .......... .......... .......... 21%  376K 14s
  5650K .......... .......... .......... .......... .......... 21% 54.5M 14s
  5700K .......... .......... .......... .......... .......... 22% 3.36M 14s
  5750K .......... .......... .......... .......... .......... 22%  119M 14s
  5800K .......... .......... .......... .......... .......... 22% 33.7M 14s
  5850K .......... .......... .......... .......... .......... 22% 1.17M 14s
  5900K .......... .......... .......... .......... .......... 22% 1.81M 14s
  5950K .......... .......... .......... .......... .......... 23%  211M 13s
  6000K .......... .......... .......... .......... .......... 23%  231M 13s
  6050K .......... .......... .......... .......... .......... 23%  285K 14s
  6100K .......... .......... .......... .......... .......... 23% 60.4M 14s
  6150K .......... .......... .......... .......... .......... 23% 3.48M 13s
  6200K .......... .......... .......... .......... .......... 24% 59.1M 13s
  6250K .......... .......... .......... .......... .......... 24% 37.2M 13s
  6300K .......... .......... .......... .......... .......... 24% 1.16M 13s
  6350K .......... .......... .......... .......... .......... 24% 1.82M 13s
  6400K .......... .......... .......... .......... .......... 24%  130M 13s
  6450K .......... .......... .......... .......... .......... 24% 97.7M 13s
  6500K .......... .......... .......... .......... .......... 25%  285K 13s
  6550K .......... .......... .......... .......... .......... 25% 69.5M 13s
  6600K .......... .......... .......... .......... .......... 25% 96.9M 13s
  6650K .......... .......... .......... .......... .......... 25% 3.41M 13s
  6700K .......... .......... .......... .......... .......... 25%  102M 13s
  6750K .......... .......... .......... .......... .......... 26% 19.4M 13s
  6800K .......... .......... .......... .......... .......... 26% 1.20M 13s
  6850K .......... .......... .......... .......... .......... 26% 1.81M 13s
  6900K .......... .......... .......... .......... .......... 26%  123M 12s
  6950K .......... .......... .......... .......... .......... 26%  689K 13s
  7000K .......... .......... .......... .......... .......... 27%  484K 13s
  7050K .......... .......... .......... .......... .......... 27% 88.4M 13s
  7100K .......... .......... .......... .......... .......... 27% 3.52M 12s
  7150K .......... .......... .......... .......... .......... 27% 65.7M 12s
  7200K .......... .......... .......... .......... .......... 27% 33.7M 12s
  7250K .......... .......... .......... .......... .......... 28% 1.16M 12s
  7300K .......... .......... .......... .......... .......... 28% 1.82M 12s
  7350K .......... .......... .......... .......... .......... 28%  111M 12s
  7400K .......... .......... .......... .......... .......... 28%  104M 12s
  7450K .......... .......... .......... .......... .......... 28%  286K 12s
  7500K .......... .......... .......... .......... .......... 29% 72.8M 12s
  7550K .......... .......... .......... .......... .......... 29%  102M 12s
  7600K .......... .......... .......... .......... .......... 29% 3.43M 12s
  7650K .......... .......... .......... .......... .......... 29% 67.6M 12s
  7700K .......... .......... .......... .......... .......... 29% 1.13M 12s
  7750K .......... .......... .......... .......... .......... 29%  110M 12s
  7800K .......... .......... .......... .......... .......... 30% 1.82M 12s
  7850K .......... .......... .......... .......... .......... 30%  123M 12s
  7900K .......... .......... .......... .......... .......... 30%  689K 12s
  7950K .......... .......... .......... .......... .......... 30%  486K 12s
  8000K .......... .......... .......... .......... .......... 30% 74.7M 12s
  8050K .......... .......... .......... .......... .......... 31% 3.47M 12s
  8100K .......... .......... .......... .......... .......... 31% 95.2M 12s
  8150K .......... .......... .......... .......... .......... 31% 36.5M 11s
  8200K .......... .......... .......... .......... .......... 31% 1.15M 11s
  8250K .......... .......... .......... .......... .......... 31% 1.83M 11s
  8300K .......... .......... .......... .......... .......... 32%  112M 11s
  8350K .......... .......... .......... .......... .......... 32% 93.4M 11s
  8400K .......... .......... .......... .......... .......... 32%  286K 11s
  8450K .......... .......... .......... .......... .......... 32% 92.7M 11s
  8500K .......... .......... .......... .......... .......... 32%  122M 11s
  8550K .......... .......... .......... .......... .......... 33% 3.46M 11s
  8600K .......... .......... .......... .......... .......... 33%  108M 11s
  8650K .......... .......... .......... .......... .......... 33% 38.2M 11s
  8700K .......... .......... .......... .......... .......... 33% 1.14M 11s
  8750K .......... .......... .......... .......... .......... 33% 1.83M 11s
  8800K .......... .......... .......... .......... .......... 34%  113M 11s
  8850K .......... .......... .......... .......... .......... 34% 1.16M 11s
  8900K .......... .......... .......... .......... .......... 34%  376K 11s
  8950K .......... .......... .......... .......... .......... 34% 98.6M 11s
  9000K .......... .......... .......... .......... .......... 34%  114M 11s
  9050K .......... .......... .......... .......... .......... 34% 3.46M 11s
  9100K .......... .......... .......... .......... .......... 35% 90.0M 11s
  9150K .......... .......... .......... .......... .......... 35% 1.12M 11s
  9200K .......... .......... .......... .......... .......... 35% 88.6M 11s
  9250K .......... .......... .......... .......... .......... 35% 1.84M 11s
  9300K .......... .......... .......... .......... .......... 35%  106M 10s
  9350K .......... .......... .......... .......... .......... 36%  689K 10s
  9400K .......... .......... .......... .......... .......... 36%  486K 11s
  9450K .......... .......... .......... .......... .......... 36%  159M 10s
  9500K .......... .......... .......... .......... .......... 36% 3.43M 10s
  9550K .......... .......... .......... .......... .......... 36%  110M 10s
  9600K .......... .......... .......... .......... .......... 37% 45.4M 10s
  9650K .......... .......... .......... .......... .......... 37% 1.14M 10s
  9700K .......... .......... .......... .......... .......... 37% 96.0M 10s
  9750K .......... .......... .......... .......... .......... 37% 1.83M 10s
  9800K .......... .......... .......... .......... .......... 37% 97.0M 10s
  9850K .......... .......... .......... .......... .......... 38%  690K 10s
  9900K .......... .......... .......... .......... .......... 38%  485K 10s
  9950K .......... .......... .......... .......... .......... 38%  124M 10s
 10000K .......... .......... .......... .......... .......... 38% 3.48M 10s
 10050K .......... .......... .......... .......... .......... 38%  119M 10s
 10100K .......... .......... .......... .......... .......... 38% 50.8M 10s
 10150K .......... .......... .......... .......... .......... 39% 1.13M 10s
 10200K .......... .......... .......... .......... .......... 39%  119M 10s
 10250K .......... .......... .......... .......... .......... 39% 1.83M 10s
 10300K .......... .......... .......... .......... .......... 39%  101M 10s
 10350K .......... .......... .......... .......... .......... 39%  689K 10s
 10400K .......... .......... .......... .......... .......... 40%  485K 10s
 10450K .......... .......... .......... .......... .......... 40%  103M 10s
 10500K .......... .......... .......... .......... .......... 40% 3.47M 10s
 10550K .......... .......... .......... .......... .......... 40%  121M 10s
 10600K .......... .......... .......... .......... .......... 40% 60.9M 9s
 10650K .......... .......... .......... .......... .......... 41% 1.13M 9s
 10700K .......... .......... .......... .......... .......... 41% 1.84M 9s
 10750K .......... .......... .......... .......... .......... 41%  121M 9s
 10800K .......... .......... .......... .......... .......... 41%  105M 9s
 10850K .......... .......... .......... .......... .......... 41%  324K 9s
 10900K .......... .......... .......... .......... .......... 42% 2.30M 9s
 10950K .......... .......... .......... .......... .......... 42%  122M 9s
 11000K .......... .......... .......... .......... .......... 42% 3.45M 9s
 11050K .......... .......... .......... .......... .......... 42% 90.7M 9s
 11100K .......... .......... .......... .......... .......... 42% 74.6M 9s
 11150K .......... .......... .......... .......... .......... 43% 1.13M 9s
 11200K .......... .......... .......... .......... .......... 43% 1.83M 9s
 11250K .......... .......... .......... .......... .......... 43%  118M 9s
 11300K .......... .......... .......... .......... .......... 43%  120M 9s
 11350K .......... .......... .......... .......... .......... 43%  324K 9s
 11400K .......... .......... .......... .......... .......... 43% 2.28M 9s
 11450K .......... .......... .......... .......... .......... 44% 98.8M 9s
 11500K .......... .......... .......... .......... .......... 44% 3.47M 9s
 11550K .......... .......... .......... .......... .......... 44%  121M 9s
 11600K .......... .......... .......... .......... .......... 44% 81.9M 9s
 11650K .......... .......... .......... .......... .......... 44% 1.12M 9s
 11700K .......... .......... .......... .......... .......... 45% 1.84M 9s
 11750K .......... .......... .......... .......... .......... 45%  124M 9s
 11800K .......... .......... .......... .......... .......... 45%  687K 9s
 11850K .......... .......... .......... .......... .......... 45%  486K 9s
 11900K .......... .......... .......... .......... .......... 45%  111M 9s
 11950K .......... .......... .......... .......... .......... 46% 98.6M 9s
 12000K .......... .......... .......... .......... .......... 46% 3.46M 9s
 12050K .......... .......... .......... .......... .......... 46%  118M 8s
 12100K .......... .......... .......... .......... .......... 46%  111M 8s
 12150K .......... .......... .......... .......... .......... 46% 1.12M 8s
 12200K .......... .......... .......... .......... .......... 47% 1.84M 8s
 12250K .......... .......... .......... .......... .......... 47%  110M 8s
 12300K .......... .......... .......... .......... .......... 47%  688K 8s
 12350K .......... .......... .......... .......... .......... 47%  485K 8s
 12400K .......... .......... .......... .......... .......... 47% 92.1M 8s
 12450K .......... .......... .......... .......... .......... 48%  110M 8s
 12500K .......... .......... .......... .......... .......... 48% 3.53M 8s
 12550K .......... .......... .......... .......... .......... 48% 87.5M 8s
 12600K .......... .......... .......... .......... .......... 48% 1.12M 8s
 12650K .......... .......... .......... .......... .......... 48% 91.1M 8s
 12700K .......... .......... .......... .......... .......... 48% 1.85M 8s
 12750K .......... .......... .......... .......... .......... 49%  103M 8s
 12800K .......... .......... .......... .......... .......... 49%  689K 8s
 12850K .......... .......... .......... .......... .......... 49%  485K 8s
 12900K .......... .......... .......... .......... .......... 49% 83.9M 8s
 12950K .......... .......... .......... .......... .......... 49% 3.50M 8s
 13000K .......... .......... .......... .......... .......... 50%  115M 8s
 13050K .......... .......... .......... .......... .......... 50%  100M 8s
 13100K .......... .......... .......... .......... .......... 50% 1.12M 8s
 13150K .......... .......... .......... .......... .......... 50% 86.9M 8s
 13200K .......... .......... .......... .......... .......... 50% 1.85M 8s
 13250K .......... .......... .......... .......... .......... 51%  118M 8s
 13300K .......... .......... .......... .......... .......... 51%  688K 8s
 13350K .......... .......... .......... .......... .......... 51%  484K 8s
 13400K .......... .......... .......... .......... .......... 51%  107M 8s
 13450K .......... .......... .......... .......... .......... 51% 3.55M 8s
 13500K .......... .......... .......... .......... .......... 52%  109M 7s
 13550K .......... .......... .......... .......... .......... 52%  114M 7s
 13600K .......... .......... .......... .......... .......... 52% 1.12M 7s
 13650K .......... .......... .......... .......... .......... 52% 84.1M 7s
 13700K .......... .......... .......... .......... .......... 52% 1.84M 7s
 13750K .......... .......... .......... .......... .......... 53% 97.0M 7s
 13800K .......... .......... .......... .......... .......... 53%  690K 7s
 13850K .......... .......... .......... .......... .......... 53%  485K 7s
 13900K .......... .......... .......... .......... .......... 53% 80.8M 7s
 13950K .......... .......... .......... .......... .......... 53% 3.61M 7s
 14000K .......... .......... .......... .......... .......... 53% 93.3M 7s
 14050K .......... .......... .......... .......... .......... 54%  121M 7s
 14100K .......... .......... .......... .......... .......... 54% 1.11M 7s
 14150K .......... .......... .......... .......... .......... 54% 1.85M 7s
 14200K .......... .......... .......... .......... .......... 54% 91.7M 7s
 14250K .......... .......... .......... .......... .......... 54%  110M 7s
 14300K .......... .......... .......... .......... .......... 55%  688K 7s
 14350K .......... .......... .......... .......... .......... 55%  486K 7s
 14400K .......... .......... .......... .......... .......... 55% 89.2M 7s
 14450K .......... .......... .......... .......... .......... 55% 3.57M 7s
 14500K .......... .......... .......... .......... .......... 55%  108M 7s
 14550K .......... .......... .......... .......... .......... 56%  119M 7s
 14600K .......... .......... .......... .......... .......... 56% 1.11M 7s
 14650K .......... .......... .......... .......... .......... 56% 1.83M 7s
 14700K .......... .......... .......... .......... .......... 56%  104M 7s
 14750K .......... .......... .......... .......... .......... 56%  123M 7s
 14800K .......... .......... .......... .......... .......... 57%  689K 7s
 14850K .......... .......... .......... .......... .......... 57%  485K 7s
 14900K .......... .......... .......... .......... .......... 57% 93.6M 7s
 14950K .......... .......... .......... .......... .......... 57% 3.63M 7s
 15000K .......... .......... .......... .......... .......... 57%  103M 7s
 15050K .......... .......... .......... .......... .......... 58%  115M 6s
 15100K .......... .......... .......... .......... .......... 58% 1.11M 6s
 15150K .......... .......... .......... .......... .......... 58% 1.83M 6s
 15200K .......... .......... .......... .......... .......... 58% 88.2M 6s
 15250K .......... .......... .......... .......... .......... 58% 1.16M 6s
 15300K .......... .......... .......... .......... .......... 58%  375K 6s
 15350K .......... .......... .......... .......... .......... 59% 89.1M 6s
 15400K .......... .......... .......... .......... .......... 59% 71.9M 6s
 15450K .......... .......... .......... .......... .......... 59% 3.64M 6s
 15500K .......... .......... .......... .......... .......... 59%  109M 6s
 15550K .......... .......... .......... .......... .......... 59%  126M 6s
 15600K .......... .......... .......... .......... .......... 60% 1.10M 6s
 15650K .......... .......... .......... .......... .......... 60% 1.84M 6s
 15700K .......... .......... .......... .......... .......... 60%  107M 6s
 15750K .......... .......... .......... .......... .......... 60% 1.16M 6s
 15800K .......... .......... .......... .......... .......... 60%  376K 6s
 15850K .......... .......... .......... .......... .......... 61% 73.7M 6s
 15900K .......... .......... .......... .......... .......... 61% 90.2M 6s
 15950K .......... .......... .......... .......... .......... 61% 3.61M 6s
 16000K .......... .......... .......... .......... .......... 61% 90.2M 6s
 16050K .......... .......... .......... .......... .......... 61%  130M 6s
 16100K .......... .......... .......... .......... .......... 62% 1.10M 6s
 16150K .......... .......... .......... .......... .......... 62% 1.85M 6s
 16200K .......... .......... .......... .......... .......... 62% 87.6M 6s
 16250K .......... .......... .......... .......... .......... 62% 1.16M 6s
 16300K .......... .......... .......... .......... .......... 62%  376K 6s
 16350K .......... .......... .......... .......... .......... 63% 63.3M 6s
 16400K .......... .......... .......... .......... .......... 63% 3.63M 6s
 16450K .......... .......... .......... .......... .......... 63% 90.8M 6s
 16500K .......... .......... .......... .......... .......... 63%  120M 6s
 16550K .......... .......... .......... .......... .......... 63% 98.1M 6s
 16600K .......... .......... .......... .......... .......... 63% 1.10M 5s
 16650K .......... .......... .......... .......... .......... 64% 1.85M 5s
 16700K .......... .......... .......... .......... .......... 64%  112M 5s
 16750K .......... .......... .......... .......... .......... 64%  691K 5s
 16800K .......... .......... .......... .......... .......... 64%  486K 5s
 16850K .......... .......... .......... .......... .......... 64% 89.0M 5s
 16900K .......... .......... .......... .......... .......... 65% 3.62M 5s
 16950K .......... .......... .......... .......... .......... 65%  103M 5s
 17000K .......... .......... .......... .......... .......... 65% 96.9M 5s
 17050K .......... .......... .......... .......... .......... 65%  124M 5s
 17100K .......... .......... .......... .......... .......... 65% 1.10M 5s
 17150K .......... .......... .......... .......... .......... 66% 1.84M 5s
 17200K .......... .......... .......... .......... .......... 66%  109M 5s
 17250K .......... .......... .......... .......... .......... 66%  694K 5s
 17300K .......... .......... .......... .......... .......... 66%  485K 5s
 17350K .......... .......... .......... .......... .......... 66%  112M 5s
 17400K .......... .......... .......... .......... .......... 67%  108M 5s
 17450K .......... .......... .......... .......... .......... 67% 3.64M 5s
 17500K .......... .......... .......... .......... .......... 67% 76.2M 5s
 17550K .......... .......... .......... .......... .......... 67% 1.09M 5s
 17600K .......... .......... .......... .......... .......... 67% 98.8M 5s
 17650K .......... .......... .......... .......... .......... 68% 1.86M 5s
 17700K .......... .......... .......... .......... .......... 68% 76.9M 5s
 17750K .......... .......... .......... .......... .......... 68%  695K 5s
 17800K .......... .......... .......... .......... .......... 68%  486K 5s
 17850K .......... .......... .......... .......... .......... 68%  135M 5s
 17900K .......... .......... .......... .......... .......... 68% 3.60M 5s
 17950K .......... .......... .......... .......... .......... 69%  113M 5s
 18000K .......... .......... .......... .......... .......... 69%  104M 5s
 18050K .......... .......... .......... .......... .......... 69% 35.6M 5s
 18100K .......... .......... .......... .......... .......... 69% 1.11M 5s
 18150K .......... .......... .......... .......... .......... 69% 1.85M 5s
 18200K .......... .......... .......... .......... .......... 70% 98.9M 5s
 18250K .......... .......... .......... .......... .......... 70% 93.4M 4s
 18300K .......... .......... .......... .......... .......... 70%  286K 4s
 18350K .......... .......... .......... .......... .......... 70%  117M 4s
 18400K .......... .......... .......... .......... .......... 70% 3.66M 4s
 18450K .......... .......... .......... .......... .......... 71%  128M 4s
 18500K .......... .......... .......... .......... .......... 71%  117M 4s
 18550K .......... .......... .......... .......... .......... 71% 98.2M 4s
 18600K .......... .......... .......... .......... .......... 71% 1.09M 4s
 18650K .......... .......... .......... .......... .......... 71% 1.85M 4s
 18700K .......... .......... .......... .......... .......... 72% 92.9M 4s
 18750K .......... .......... .......... .......... .......... 72% 1.16M 4s
 18800K .......... .......... .......... .......... .......... 72%  376K 4s
 18850K .......... .......... .......... .......... .......... 72% 93.8M 4s
 18900K .......... .......... .......... .......... .......... 72%  109M 4s
 18950K .......... .......... .......... .......... .......... 73% 3.67M 4s
 19000K .......... .......... .......... .......... .......... 73% 95.0M 4s
 19050K .......... .......... .......... .......... .......... 73%  113M 4s
 19100K .......... .......... .......... .......... .......... 73% 1.09M 4s
 19150K .......... .......... .......... .......... .......... 73% 1.85M 4s
 19200K .......... .......... .......... .......... .......... 73%  131M 4s
 19250K .......... .......... .......... .......... .......... 74% 84.7M 4s
 19300K .......... .......... .......... .......... .......... 74%  326K 4s
 19350K .......... .......... .......... .......... .......... 74% 2.26M 4s
 19400K .......... .......... .......... .......... .......... 74% 89.6M 4s
 19450K .......... .......... .......... .......... .......... 74% 3.66M 4s
 19500K .......... .......... .......... .......... .......... 75% 73.5M 4s
 19550K .......... .......... .......... .......... .......... 75%  117M 4s
 19600K .......... .......... .......... .......... .......... 75% 1.09M 4s
 19650K .......... .......... .......... .......... .......... 75%  133M 4s
 19700K .......... .......... .......... .......... .......... 75% 1.85M 4s
 19750K .......... .......... .......... .......... .......... 76%  122M 4s
 19800K .......... .......... .......... .......... .......... 76%  326K 4s
 19850K .......... .......... .......... .......... .......... 76% 2.24M 4s
 19900K .......... .......... .......... .......... .......... 76%  131M 4s
 19950K .......... .......... .......... .......... .......... 76% 3.65M 3s
 20000K .......... .......... .......... .......... .......... 77% 80.5M 3s
 20050K .......... .......... .......... .......... .......... 77%  115M 3s
 20100K .......... .......... .......... .......... .......... 77% 52.4M 3s
 20150K .......... .......... .......... .......... .......... 77% 1.10M 3s
 20200K .......... .......... .......... .......... .......... 77% 1.84M 3s
 20250K .......... .......... .......... .......... .......... 77%  120M 3s
 20300K .......... .......... .......... .......... .......... 78%  696K 3s
 20350K .......... .......... .......... .......... .......... 78%  485K 3s
 20400K .......... .......... .......... .......... .......... 78%  114M 3s
 20450K .......... .......... .......... .......... .......... 78%  111M 3s
 20500K .......... .......... .......... .......... .......... 78% 3.66M 3s
 20550K .......... .......... .......... .......... .......... 79% 74.2M 3s
 20600K .......... .......... .......... .......... .......... 79% 86.2M 3s
 20650K .......... .......... .......... .......... .......... 79% 1.09M 3s
 20700K .......... .......... .......... .......... .......... 79% 1.85M 3s
 20750K .......... .......... .......... .......... .......... 79%  109M 3s
 20800K .......... .......... .......... .......... .......... 80%  108M 3s
 20850K .......... .......... .......... .......... .......... 80%  696K 3s
 20900K .......... .......... .......... .......... .......... 80%  486K 3s
 20950K .......... .......... .......... .......... .......... 80% 89.5M 3s
 21000K .......... .......... .......... .......... .......... 80% 3.68M 3s
 21050K .......... .......... .......... .......... .......... 81% 83.7M 3s
 21100K .......... .......... .......... .......... .......... 81%  109M 3s
 21150K .......... .......... .......... .......... .......... 81% 1.09M 3s
 21200K .......... .......... .......... .......... .......... 81%  134M 3s
 21250K .......... .......... .......... .......... .......... 81% 1.85M 3s
 21300K .......... .......... .......... .......... .......... 82%  120M 3s
 21350K .......... .......... .......... .......... .......... 82%  696K 3s
 21400K .......... .......... .......... .......... .......... 82%  485K 3s
 21450K .......... .......... .......... .......... .......... 82%  125M 3s
 21500K .......... .......... .......... .......... .......... 82%  113M 3s
 21550K .......... .......... .......... .......... .......... 82% 3.69M 3s
 21600K .......... .......... .......... .......... .......... 83% 81.5M 2s
 21650K .......... .......... .......... .......... .......... 83%  100M 2s
 21700K .......... .......... .......... .......... .......... 83% 1.08M 2s
 21750K .......... .......... .......... .......... .......... 83% 1.86M 2s
 21800K .......... .......... .......... .......... .......... 83%  109M 2s
 21850K .......... .......... .......... .......... .......... 84%  110M 2s
 21900K .......... .......... .......... .......... .......... 84%  696K 2s
 21950K .......... .......... .......... .......... .......... 84%  485K 2s
 22000K .......... .......... .......... .......... .......... 84%  112M 2s
 22050K .......... .......... .......... .......... .......... 84% 98.9M 2s
 22100K .......... .......... .......... .......... .......... 85% 3.68M 2s
 22150K .......... .......... .......... .......... .......... 85% 94.4M 2s
 22200K .......... .......... .......... .......... .......... 85%  120M 2s
 22250K .......... .......... .......... .......... .......... 85% 1.09M 2s
 22300K .......... .......... .......... .......... .......... 85%  100M 2s
 22350K .......... .......... .......... .......... .......... 86% 1.87M 2s
 22400K .......... .......... .......... .......... .......... 86%  101M 2s
 22450K .......... .......... .......... .......... .......... 86%  695K 2s
 22500K .......... .......... .......... .......... .......... 86%  485K 2s
 22550K .......... .......... .......... .......... .......... 86%  121M 2s
 22600K .......... .......... .......... .......... .......... 87%  107M 2s
 22650K .......... .......... .......... .......... .......... 87% 3.72M 2s
 22700K .......... .......... .......... .......... .......... 87%  108M 2s
 22750K .......... .......... .......... .......... .......... 87% 97.7M 2s
 22800K .......... .......... .......... .......... .......... 87% 1.08M 2s
 22850K .......... .......... .......... .......... .......... 87% 1.87M 2s
 22900K .......... .......... .......... .......... .......... 88%  110M 2s
 22950K .......... .......... .......... .......... .......... 88%  105M 2s
 23000K .......... .......... .......... .......... .......... 88%  695K 2s
 23050K .......... .......... .......... .......... .......... 88%  485K 2s
 23100K .......... .......... .......... .......... .......... 88%  125M 2s
 23150K .......... .......... .......... .......... .......... 89%  102M 2s
 23200K .......... .......... .......... .......... .......... 89% 3.79M 2s
 23250K .......... .......... .......... .......... .......... 89% 69.5M 2s
 23300K .......... .......... .......... .......... .......... 89%  106M 2s
 23350K .......... .......... .......... .......... .......... 89% 1.08M 1s
 23400K .......... .......... .......... .......... .......... 90%  101M 1s
 23450K .......... .......... .......... .......... .......... 90% 1.88M 1s
 23500K .......... .......... .......... .......... .......... 90% 95.1M 1s
 23550K .......... .......... .......... .......... .......... 90% 89.9M 1s
 23600K .......... .......... .......... .......... .......... 90%  286K 1s
 23650K .......... .......... .......... .......... .......... 91%  109M 1s
 23700K .......... .......... .......... .......... .......... 91%  128M 1s
 23750K .......... .......... .......... .......... .......... 91% 3.83M 1s
 23800K .......... .......... .......... .......... .......... 91%  103M 1s
 23850K .......... .......... .......... .......... .......... 91% 92.2M 1s
 23900K .......... .......... .......... .......... .......... 92%  114M 1s
 23950K .......... .......... .......... .......... .......... 92% 1.08M 1s
 24000K .......... .......... .......... .......... .......... 92% 1.87M 1s
 24050K .......... .......... .......... .......... .......... 92% 96.6M 1s
 24100K .......... .......... .......... .......... .......... 92%  112M 1s
 24150K .......... .......... .......... .......... .......... 92%  697K 1s
 24200K .......... .......... .......... .......... .......... 93%  485K 1s
 24250K .......... .......... .......... .......... .......... 93%  119M 1s
 24300K .......... .......... .......... .......... .......... 93%  116M 1s
 24350K .......... .......... .......... .......... .......... 93% 3.84M 1s
 24400K .......... .......... .......... .......... .......... 93% 72.3M 1s
 24450K .......... .......... .......... .......... .......... 94%  105M 1s
 24500K .......... .......... .......... .......... .......... 94%  116M 1s
 24550K .......... .......... .......... .......... .......... 94% 1.08M 1s
 24600K .......... .......... .......... .......... .......... 94% 1.88M 1s
 24650K .......... .......... .......... .......... .......... 94%  101M 1s
 24700K .......... .......... .......... .......... .......... 95%  109M 1s
 24750K .......... .......... .......... .......... .......... 95%  695K 1s
 24800K .......... .......... .......... .......... .......... 95%  485K 1s
 24850K .......... .......... .......... .......... .......... 95%  112M 1s
 24900K .......... .......... .......... .......... .......... 95%  112M 1s
 24950K .......... .......... .......... .......... .......... 96% 3.86M 1s
 25000K .......... .......... .......... .......... .......... 96%  130M 1s
 25050K .......... .......... .......... .......... .......... 96% 85.1M 1s
 25100K .......... .......... .......... .......... .......... 96%  102M 0s
 25150K .......... .......... .......... .......... .......... 96% 1.08M 0s
 25200K .......... .......... .......... .......... .......... 97% 1.88M 0s
 25250K .......... .......... .......... .......... .......... 97%  112M 0s
 25300K .......... .......... .......... .......... .......... 97%  103M 0s
 25350K .......... .......... .......... .......... .......... 97% 1.17M 0s
 25400K .......... .......... .......... .......... .......... 97%  375K 0s
 25450K .......... .......... .......... .......... .......... 97%  125M 0s
 25500K .......... .......... .......... .......... .......... 98% 93.9M 0s
 25550K .......... .......... .......... .......... .......... 98% 3.92M 0s
 25600K .......... .......... .......... .......... .......... 98%  112M 0s
 25650K .......... .......... .......... .......... .......... 98%  101M 0s
 25700K .......... .......... .......... .......... .......... 98%  117M 0s
 25750K .......... .......... .......... .......... .......... 99% 1.08M 0s
 25800K .......... .......... .......... .......... .......... 99% 99.9M 0s
 25850K .......... .......... .......... .......... .......... 99% 1.89M 0s
 25900K .......... .......... .......... .......... .......... 99% 88.8M 0s
 25950K .......... .......... .......... .......... .......... 99%  122M 0s
 26000K .......... .......... .......                         100%  149M=14s

2025-04-22 19:04:51 (1.78 MB/s) - 'MG5_aMC_v2.9.18.tar.gz' saved [26651876/26651876]

patching file models/loop_qcd_qed_sm/restrict_lepton_masses_no_lepton_yukawas.dat
patching file models/loop_sm/restrict_ckm_no_b_mass.dat
patching file models/sm/restrict_ckm_lepton_masses.dat
patching file models/sm/restrict_ckm_lepton_masses_no_b_mass.dat
patching file models/sm/restrict_ckm_no_b_mass.dat
patching file models/sm/restrict_lepton_masses_no_b_mass.dat
patching file Template/NLO/SubProcesses/MCmasses_PYTHIA8.inc
patching file madgraph/interface/loop_interface.py
patching file madgraph/various/systematics.py
Hunk #1 succeeded at 342 (offset 3 lines).
Hunk #2 succeeded at 377 (offset 3 lines).
Hunk #3 succeeded at 551 (offset 3 lines).
patching file Template/NLO/Source/make_opts.inc
patching file madgraph/iolibs/export_v4.py
patching file madgraph/iolibs/template_files/pdf_opendata.f
patching file madgraph/iolibs/template_files/pdf_wrap_lhapdf.f
patching file madgraph/iolibs/template_files/pdf_wrap_lhapdf.f
patching file madgraph/interface/reweight_interface.py
patching file madgraph/interface/common_run_interface.py
patching file Template/LO/SubProcesses/refine.sh
patching file Template/LO/SubProcesses/refine_splitted.sh
patching file Template/LO/SubProcesses/survey.sh
patching file Template/NLO/SubProcesses/ajob_template
patching file Template/NLO/SubProcesses/reweight_xsec_events.local
patching file madgraph/various/misc.py
Hunk #1 succeeded at 514 (offset 39 lines).
patching file madgraph/various/cluster.py
cp: cannot stat '/var/lib/condor/execute/dir_1414689/gen_for_LRSM_tb/genproductions/bin/MadGraph5_aMCatNLO/PLUGIN/CMS_CLUSTER/': No such file or directory
************************************************************
*                                                          *
*                     W E L C O M E to                     *
*              M A D G R A P H 5 _ a M C @ N L O           *
*                                                          *
*                                                          *
*                 *                       *                *
*                   *        * *        *                  *
*                     * * * * 5 * * * *                    *
*                   *        * *        *                  *
*                 *                       *                *
*                                                          *
*         VERSION 2.9.18                2023-12-08         *
*                                                          *
*    The MadGraph5_aMC@NLO Development Team - Find us at   *
*    https://server06.fynu.ucl.ac.be/projects/madgraph     *
*                            and                           *
*            http://amcatnlo.web.cern.ch/amcatnlo/         *
*                                                          *
*               Type 'help' for in-line help.              *
*           Type 'tutorial' to learn how MG5 works         *
*    Type 'tutorial aMCatNLO' to learn how aMC@NLO works   *
*    Type 'tutorial MadLoop' to learn how MadLoop works    *
*                                                          *
************************************************************
load MG5 configuration from input/mg5_configuration.txt 
fastjet-config does not seem to correspond to a valid fastjet-config executable (v3+). We will use fjcore instead.
 Please set the 'fastjet'variable to the full (absolute) /PATH/TO/fastjet-config (including fastjet-config).
 MG5_aMC> set fastjet /PATH/TO/fastjet-config

set lhapdf to lhapdf-config
None does not seem to correspond to a valid lhapdf-config executable. 
Please set the 'lhapdf' variable to the (absolute) /PATH/TO/lhapdf-config (including lhapdf-config).
Note that you can still compile and run aMC@NLO with the built-in PDFs
 MG5_aMC> set lhapdf /PATH/TO/lhapdf-config

Using default text editor "vi". Set another one in ./input/mg5_configuration.txt
No valid eps viewer found. Please set in ./input/mg5_configuration.txt
No valid web browser found. Please set in ./input/mg5_configuration.txt
import /var/lib/condor/execute/dir_1414689/gen_for_LRSM_tb/genproductions/bin/MadGraph5_aMCatNLO/WRtoNLtoLLJJtb_WR1000_N900/WRtoNLtoLLJJtb_WR1000_N900_gridpack/work/MG5_aMC_v2_9_18/mgconfigscript
The import format was not given, so we guess it as command
set auto_update 0
set automatic_html_opening False
This option will be the default in any output that you are going to create in this session.
In order to keep this changes permanent please run 'save options'
set auto_convert_model True
save options auto_convert_model
save configuration file to /var/lib/condor/execute/dir_1414689/gen_for_LRSM_tb/genproductions/bin/MadGraph5_aMCatNLO/WRtoNLtoLLJJtb_WR1000_N900/WRtoNLtoLLJJtb_WR1000_N900_gridpack/work/MG5_aMC_v2_9_18/input/mg5_configuration.txt
set lhapdf_py3 /cvmfs/cms.cern.ch/el9_amd64_gcc11/external/lhapdf/6.4.0-a1eec6e5fc67bd79ff44968065caf8fe/share/LHAPDF/../../bin/lhapdf-config
set lhapdf to /cvmfs/cms.cern.ch/el9_amd64_gcc11/external/lhapdf/6.4.0-a1eec6e5fc67bd79ff44968065caf8fe/share/LHAPDF/../../bin/lhapdf-config
save options lhapdf_py3
save configuration file to /var/lib/condor/execute/dir_1414689/gen_for_LRSM_tb/genproductions/bin/MadGraph5_aMCatNLO/WRtoNLtoLLJJtb_WR1000_N900/WRtoNLtoLLJJtb_WR1000_N900_gridpack/work/MG5_aMC_v2_9_18/input/mg5_configuration.txt
set run_mode 2
This option will be the default in any output that you are going to create in this session.
In order to keep this changes permanent please run 'save options'
set nb_core 3
This option will be the default in any output that you are going to create in this session.
In order to keep this changes permanent please run 'save options'
save options --all
save configuration file to /var/lib/condor/execute/dir_1414689/gen_for_LRSM_tb/genproductions/bin/MadGraph5_aMCatNLO/WRtoNLtoLLJJtb_WR1000_N900/WRtoNLtoLLJJtb_WR1000_N900_gridpack/work/MG5_aMC_v2_9_18/input/mg5_configuration.txt
quit
Loading extra models specified in /var/lib/condor/execute/dir_1414689/gen_for_LRSM_tb/genproductions/bin/MadGraph5_aMCatNLO/cards/0tb_channel/LO/WRtoNLtoLLJJtb_WR1000_N900/WRtoNLtoLLJJtb_WR1000_N900_extramodels.dat
Loading extra model EffLRSM_NLO.tgz
--2025-04-22 19:04:57--  https://cms-project-generators.web.cern.ch/cms-project-generators/EffLRSM_NLO.tgz
Resolving cms-project-generators.web.cern.ch (cms-project-generators.web.cern.ch)... 188.185.5.88, 188.185.18.46, 188.185.50.104, ...
Connecting to cms-project-generators.web.cern.ch (cms-project-generators.web.cern.ch)|188.185.5.88|:443... connected.
HTTP request sent, awaiting response... 200 OK
Length: 22803 (22K) [application/x-gzip]
Saving to: 'EffLRSM_NLO.tgz'

     0K .......... .......... ..                              100% 84.1K=0.3s

2025-04-22 19:04:59 (84.1 KB/s) - 'EffLRSM_NLO.tgz' saved [22803/22803]

EffLRSM_NLO/
EffLRSM_NLO/decays.py
EffLRSM_NLO/parameters.py
EffLRSM_NLO/CT_vertices.py
EffLRSM_NLO/coupling_orders.py
EffLRSM_NLO/lorentz.py
EffLRSM_NLO/object_library.py
EffLRSM_NLO/function_library.py
EffLRSM_NLO/write_param_card.py
EffLRSM_NLO/__init__.py
EffLRSM_NLO/vertices.py
EffLRSM_NLO/EffLRSM_NLO.log
EffLRSM_NLO/couplings.py
EffLRSM_NLO/particles.py
EffLRSM_NLO/CT_couplings.py
EffLRSM_NLO/propagators.py
ls: cannot access '/var/lib/condor/execute/dir_1414689/gen_for_LRSM_tb/genproductions/bin/MadGraph5_aMCatNLO/cards/0tb_channel/LO/WRtoNLtoLLJJtb_WR1000_N900/WRtoNLtoLLJJtb_WR1000_N900*.patch': No such file or directory
/var/lib/condor/execute/dir_1414689/gen_for_LRSM_tb/genproductions/bin/MadGraph5_aMCatNLO/WRtoNLtoLLJJtb_WR1000_N900/WRtoNLtoLLJJtb_WR1000_N900_gridpack/work
************************************************************
*                                                          *
*                     W E L C O M E to                     *
*              M A D G R A P H 5 _ a M C @ N L O           *
*                                                          *
*                                                          *
*                 *                       *                *
*                   *        * *        *                  *
*                     * * * * 5 * * * *                    *
*                   *        * *        *                  *
*                 *                       *                *
*                                                          *
*         VERSION 2.9.18                2023-12-08         *
*                                                          *
*    The MadGraph5_aMC@NLO Development Team - Find us at   *
*    https://server06.fynu.ucl.ac.be/projects/madgraph     *
*                            and                           *
*            http://amcatnlo.web.cern.ch/amcatnlo/         *
*                                                          *
*               Type 'help' for in-line help.              *
*           Type 'tutorial' to learn how MG5 works         *
*    Type 'tutorial aMCatNLO' to learn how aMC@NLO works   *
*    Type 'tutorial MadLoop' to learn how MadLoop works    *
*                                                          *
************************************************************
load MG5 configuration from MG5_aMC_v2_9_18/input/mg5_configuration.txt 
None does not seem to correspond to a valid fastjet-config executable (v3+). We will use fjcore instead.
 Please set the 'fastjet'variable to the full (absolute) /PATH/TO/fastjet-config (including fastjet-config).
 MG5_aMC> set fastjet /PATH/TO/fastjet-config

set lhapdf to /cvmfs/cms.cern.ch/el9_amd64_gcc11/external/lhapdf/6.4.0-a1eec6e5fc67bd79ff44968065caf8fe/share/LHAPDF/../../bin/lhapdf-config
set lhapdf to /cvmfs/cms.cern.ch/el9_amd64_gcc11/external/lhapdf/6.4.0-a1eec6e5fc67bd79ff44968065caf8fe/share/LHAPDF/../../bin/lhapdf-config
Using default text editor "vi". Set another one in ./input/mg5_configuration.txt
No valid eps viewer found. Please set in ./input/mg5_configuration.txt
No valid web browser found. Please set in ./input/mg5_configuration.txt
import /var/lib/condor/execute/dir_1414689/gen_for_LRSM_tb/genproductions/bin/MadGraph5_aMCatNLO/WRtoNLtoLLJJtb_WR1000_N900/WRtoNLtoLLJJtb_WR1000_N900_gridpack/work/WRtoNLtoLLJJtb_WR1000_N900_proc_card.dat
The import format was not given, so we guess it as command
import model EffLRSM_NLO
fail to load model but auto_convert_model is on True. Trying to convert the model
convert model /var/lib/condor/execute/dir_1414689/gen_for_LRSM_tb/genproductions/bin/MadGraph5_aMCatNLO/WRtoNLtoLLJJtb_WR1000_N900/WRtoNLtoLLJJtb_WR1000_N900_gridpack/work/MG5_aMC_v2_9_18/models/EffLRSM_NLO
retry the load of the model
import model EffLRSM_NLO
INFO: load particles 
INFO: load vertices 
INFO: The model has interaction violating the charge: LeptonNumber 
INFO: Change particles name to pass to MG5 convention 
Defined multiparticle p = g u c d s u~ c~ d~ s~
Defined multiparticle j = g u c d s u~ c~ d~ s~
Defined multiparticle l+ = e+ mu+
Defined multiparticle l- = e- mu-
Defined multiparticle vl = ve vm vt
Defined multiparticle vl~ = ve~ vm~ vt~
[1;34mPass the definition of 'j' and 'p' to 5 flavour scheme.[0m
Defined multiparticle all = g ghg ghg~ u c d s b u~ c~ d~ s~ b~ a gha gha~ ve vm vt e- mu- ta- ve~ vm~ vt~ e+ mu+ ta+ t t~ z w+ ghz ghwp ghwm h zr wr+ w- ghz~ ghwp~ ghwm~ wr- n1 n2 n3
INFO: Change particles name to pass to MG5 convention 
Kept definitions of multiparticles p / j / l+ / l- / vl / vl~ unchanged
Defined multiparticle all = g ghg ghg~ u c d s b u~ c~ d~ s~ b~ a gha gha~ ve vm vt e- mu- ta- ve~ vm~ vt~ e+ mu+ ta+ t t~ z w+ ghz ghwp ghwm h zr wr+ w- ghz~ ghwp~ ghwm~ wr- n1 n2 n3
define p = g u c d s  u~ c~ d~ s~
Defined multiparticle p = g u c d s u~ c~ d~ s~
define j = p
Defined multiparticle j = g u c d s u~ c~ d~ s~
define ll = e+ e- mu+ mu-
Defined multiparticle ll = e- mu- e+ mu+
define nn = n1 n2
Defined multiparticle nn = n1 n2
define jj = b t b~ t~
Defined multiparticle jj = b b~ t t~
generate p p > nn ll , nn > ll jj jj
INFO: Checking for minimal orders which gives processes. 
INFO: Please specify coupling orders to bypass this step. 
INFO: Trying coupling order WEIGHTED<=4: WEIGTHED IS QCD+2*QED 
INFO: Trying process: u d~ > n1 e+ WEIGHTED<=4 @1  
INFO: Process has 1 diagrams 
INFO: Trying process: u d~ > n1 mu+ WEIGHTED<=4 @1  
INFO: Trying process: u d~ > n2 e+ WEIGHTED<=4 @1  
INFO: Trying process: u d~ > n2 mu+ WEIGHTED<=4 @1  
INFO: Process has 1 diagrams 
INFO: Trying process: u s~ > n1 e+ WEIGHTED<=4 @1  
INFO: Trying process: u s~ > n1 mu+ WEIGHTED<=4 @1  
INFO: Trying process: u s~ > n2 e+ WEIGHTED<=4 @1  
INFO: Trying process: u s~ > n2 mu+ WEIGHTED<=4 @1  
INFO: Trying process: c d~ > n1 e+ WEIGHTED<=4 @1  
INFO: Trying process: c d~ > n1 mu+ WEIGHTED<=4 @1  
INFO: Trying process: c d~ > n2 e+ WEIGHTED<=4 @1  
INFO: Trying process: c d~ > n2 mu+ WEIGHTED<=4 @1  
INFO: Trying process: c s~ > n1 e+ WEIGHTED<=4 @1  
INFO: Process has 1 diagrams 
INFO: Trying process: c s~ > n1 mu+ WEIGHTED<=4 @1  
INFO: Trying process: c s~ > n2 e+ WEIGHTED<=4 @1  
INFO: Trying process: c s~ > n2 mu+ WEIGHTED<=4 @1  
INFO: Process has 1 diagrams 
INFO: Trying process: d u~ > n1 e- WEIGHTED<=4 @1  
INFO: Process has 1 diagrams 
INFO: Trying process: d u~ > n1 mu- WEIGHTED<=4 @1  
INFO: Trying process: d u~ > n2 e- WEIGHTED<=4 @1  
INFO: Trying process: d u~ > n2 mu- WEIGHTED<=4 @1  
INFO: Process has 1 diagrams 
INFO: Trying process: d c~ > n1 e- WEIGHTED<=4 @1  
INFO: Trying process: d c~ > n1 mu- WEIGHTED<=4 @1  
INFO: Trying process: d c~ > n2 e- WEIGHTED<=4 @1  
INFO: Trying process: d c~ > n2 mu- WEIGHTED<=4 @1  
INFO: Trying process: s u~ > n1 e- WEIGHTED<=4 @1  
INFO: Trying process: s u~ > n1 mu- WEIGHTED<=4 @1  
INFO: Trying process: s u~ > n2 e- WEIGHTED<=4 @1  
INFO: Trying process: s u~ > n2 mu- WEIGHTED<=4 @1  
INFO: Trying process: s c~ > n1 e- WEIGHTED<=4 @1  
INFO: Process has 1 diagrams 
INFO: Trying process: s c~ > n1 mu- WEIGHTED<=4 @1  
INFO: Trying process: s c~ > n2 e- WEIGHTED<=4 @1  
INFO: Trying process: s c~ > n2 mu- WEIGHTED<=4 @1  
INFO: Process has 1 diagrams 
INFO: Process u~ d > n1 e- added to mirror process d u~ > n1 e- 
INFO: Process u~ d > n2 mu- added to mirror process d u~ > n2 mu- 
INFO: Process c~ s > n1 e- added to mirror process s c~ > n1 e- 
INFO: Process c~ s > n2 mu- added to mirror process s c~ > n2 mu- 
INFO: Process d~ u > n1 e+ added to mirror process u d~ > n1 e+ 
INFO: Process d~ u > n2 mu+ added to mirror process u d~ > n2 mu+ 
INFO: Process s~ c > n1 e+ added to mirror process c s~ > n1 e+ 
INFO: Process s~ c > n2 mu+ added to mirror process c s~ > n2 mu+ 
INFO: Checking for minimal orders which gives processes. 
INFO: Please specify coupling orders to bypass this step. 
INFO: Trying coupling order WEIGHTED<=4: WEIGTHED IS QCD+2*QED 
INFO: Trying process: n1 > e- b~ t WEIGHTED<=4  
INFO: Process has 1 diagrams 
INFO: Trying process: n1 > mu- b~ t WEIGHTED<=4  
INFO: Trying process: n1 > e+ b t~ WEIGHTED<=4  
INFO: Process has 1 diagrams 
INFO: Trying process: n1 > mu+ b t~ WEIGHTED<=4  
INFO: Trying process: n2 > e- b~ t WEIGHTED<=4  
INFO: Trying process: n2 > mu- b~ t WEIGHTED<=4  
INFO: Process has 1 diagrams 
INFO: Trying process: n2 > e+ b t~ WEIGHTED<=4  
INFO: Trying process: n2 > mu+ b t~ WEIGHTED<=4  
INFO: Process has 1 diagrams 
1 processes with 12 diagrams generated in 0.157 s
Total: 1 processes with 12 diagrams
output WRtoNLtoLLJJtb_WR1000_N900 --nojpeg --hel_recycling=False
INFO: initialize a new directory: WRtoNLtoLLJJtb_WR1000_N900 
INFO: remove old information in WRtoNLtoLLJJtb_WR1000_N900 
INFO: Organizing processes into subprocess groups 
INFO: Organizing processes into subprocess groups 
INFO: Generating Helas calls for process: u d~ > n1 e+ WEIGHTED<=4 @1 
INFO: Generating Helas calls for process: u d~ > n2 mu+ WEIGHTED<=4 @1 
INFO: Combined process c s~ > n1 e+ WEIGHTED<=4 @1 with process u d~ > n1 e+ WEIGHTED<=4 @1 
INFO: Combined process c s~ > n2 mu+ WEIGHTED<=4 @1 with process u d~ > n2 mu+ WEIGHTED<=4 @1 
INFO: Generating Helas calls for process: d u~ > n1 e- WEIGHTED<=4 @1 
INFO: Generating Helas calls for process: d u~ > n2 mu- WEIGHTED<=4 @1 
INFO: Combined process s c~ > n1 e- WEIGHTED<=4 @1 with process d u~ > n1 e- WEIGHTED<=4 @1 
INFO: Combined process s c~ > n2 mu- WEIGHTED<=4 @1 with process d u~ > n2 mu- WEIGHTED<=4 @1 
INFO: Generating Helas calls for process: n1 > e- b~ t WEIGHTED<=4 
INFO: Generating Helas calls for process: n1 > e+ b t~ WEIGHTED<=4 
INFO: Generating Helas calls for process: n2 > mu- b~ t WEIGHTED<=4 
INFO: Generating Helas calls for process: n2 > mu+ b t~ WEIGHTED<=4 
INFO: Combine u d~ > n1 e+ WEIGHTED<=4 @1 with decays n1 > e- b~ t WEIGHTED<=4 
INFO: Combine u d~ > n1 e+ WEIGHTED<=4 @1 with decays n1 > e+ b t~ WEIGHTED<=4 
INFO: Combine u d~ > n2 mu+ WEIGHTED<=4 @1 with decays n2 > mu- b~ t WEIGHTED<=4 
INFO: Combine u d~ > n2 mu+ WEIGHTED<=4 @1 with decays n2 > mu+ b t~ WEIGHTED<=4 
INFO: Combine d u~ > n1 e- WEIGHTED<=4 @1 with decays n1 > e- b~ t WEIGHTED<=4 
INFO: Combine d u~ > n1 e- WEIGHTED<=4 @1 with decays n1 > e+ b t~ WEIGHTED<=4 
INFO: Combine d u~ > n2 mu- WEIGHTED<=4 @1 with decays n2 > mu- b~ t WEIGHTED<=4 
INFO: Combine d u~ > n2 mu- WEIGHTED<=4 @1 with decays n2 > mu+ b t~ WEIGHTED<=4 
INFO: Processing color information for process: u d~ > n1 e+ @1
  Decay: n1 > e- b~ t WEIGHTED<=4 
INFO: Processing color information for process: u d~ > n1 e+ @1
  Decay: n1 > e+ b t~ WEIGHTED<=4 
INFO: Reusing existing color information for process: u d~ > n2 mu+ @1
  Decay: n2 > mu- b~ t WEIGHTED<=4 
INFO: Reusing existing color information for process: u d~ > n2 mu+ @1
  Decay: n2 > mu+ b t~ WEIGHTED<=4 
INFO: Reusing existing color information for process: d u~ > n1 e- @1
  Decay: n1 > e- b~ t WEIGHTED<=4 
INFO: Reusing existing color information for process: d u~ > n1 e- @1
  Decay: n1 > e+ b t~ WEIGHTED<=4 
INFO: Reusing existing color information for process: d u~ > n2 mu- @1
  Decay: n2 > mu- b~ t WEIGHTED<=4 
INFO: Reusing existing color information for process: d u~ > n2 mu- @1
  Decay: n2 > mu+ b t~ WEIGHTED<=4 
INFO: Creating files in directory P1_qq_n1l_n1_lqt 
INFO: Generating Feynman diagrams for Process: u d~ > n1 e+ WEIGHTED<=4 @1
  Decay: n1 > e- b~ t WEIGHTED<=4 
INFO: Generating Feynman diagrams for Process: u d~ > n1 e+ WEIGHTED<=4 @1
  Decay: n1 > e+ b t~ WEIGHTED<=4 
INFO: Generating Feynman diagrams for Process: d u~ > n1 e- WEIGHTED<=4 @1
  Decay: n1 > e- b~ t WEIGHTED<=4 
INFO: Generating Feynman diagrams for Process: d u~ > n1 e- WEIGHTED<=4 @1
  Decay: n1 > e+ b t~ WEIGHTED<=4 
INFO: Finding symmetric diagrams for subprocess group qq_n1l_n1_lqt 
INFO: Creating files in directory P1_qq_n2l_n2_lqt 
INFO: Generating Feynman diagrams for Process: u d~ > n2 mu+ WEIGHTED<=4 @1
  Decay: n2 > mu- b~ t WEIGHTED<=4 
INFO: Generating Feynman diagrams for Process: u d~ > n2 mu+ WEIGHTED<=4 @1
  Decay: n2 > mu+ b t~ WEIGHTED<=4 
INFO: Generating Feynman diagrams for Process: d u~ > n2 mu- WEIGHTED<=4 @1
  Decay: n2 > mu- b~ t WEIGHTED<=4 
INFO: Generating Feynman diagrams for Process: d u~ > n2 mu- WEIGHTED<=4 @1
  Decay: n2 > mu+ b t~ WEIGHTED<=4 
INFO: Finding symmetric diagrams for subprocess group qq_n2l_n2_lqt 
Generated helas calls for 8 subprocesses (8 diagrams) in 0.088 s
Wrote files for 80 helas calls in 0.269 s
ALOHA: aloha creates FFV4 routines
The option auto_update is modified [7] but will not be written in the configuration files.
If you want to make this value the default for future session, you can run 'save options --all'
save configuration file to /var/lib/condor/execute/dir_1414689/gen_for_LRSM_tb/genproductions/bin/MadGraph5_aMCatNLO/WRtoNLtoLLJJtb_WR1000_N900/WRtoNLtoLLJJtb_WR1000_N900_gridpack/work/WRtoNLtoLLJJtb_WR1000_N900/Cards/me5_configuration.txt
INFO: Use Fortran compiler gfortran 
INFO: Use c++ compiler g++ 
INFO: Generate web pages 
Output to directory /var/lib/condor/execute/dir_1414689/gen_for_LRSM_tb/genproductions/bin/MadGraph5_aMCatNLO/WRtoNLtoLLJJtb_WR1000_N900/WRtoNLtoLLJJtb_WR1000_N900_gridpack/work/WRtoNLtoLLJJtb_WR1000_N900 done.
Type "launch" to generate events from this process, or see
/var/lib/condor/execute/dir_1414689/gen_for_LRSM_tb/genproductions/bin/MadGraph5_aMCatNLO/WRtoNLtoLLJJtb_WR1000_N900/WRtoNLtoLLJJtb_WR1000_N900_gridpack/work/WRtoNLtoLLJJtb_WR1000_N900/README
Run "open index.html" to see more information about this process.
display multiparticles
Multiparticle labels:
p = g u c d s u~ c~ d~ s~
j = g u c d s u~ c~ d~ s~
l+ = e+ mu+
l- = e- mu-
vl = ve vm vt
vl~ = ve~ vm~ vt~
all = g ghg ghg~ u c d s b u~ c~ d~ s~ b~ a gha gha~ ve vm vt e- mu- ta- ve~ vm~ vt~ e+ mu+ ta+ t t~ z w+ ghz ghwp ghwm h zr wr+ w- ghz~ ghwp~ ghwm~ wr- n1 n2 n3
ll = e- mu- e+ mu+
nn = n1 n2
jj = b b~ t t~
quit
copying generated process to working directory
python3: can't open file '/var/lib/condor/execute/dir_1414689/gen_for_LRSM_tb/Utilities/scripts/getMG5_aMC_PDFInputs.py': [Errno 2] No such file or directory
INFO: Using default PDF sets for run3 production
starting LO mode
************************************************************
*                                                          *
*                      W E L C O M E to                    *
*             M A D G R A P H 5 _ a M C @ N L O            *
*                      M A D E V E N T                     *
*                                                          *
*                 *                       *                *
*                   *        * *        *                  *
*                     * * * * 5 * * * *                    *
*                   *        * *        *                  *
*                 *                       *                *
*                                                          *
*         VERSION 2.9.18                                   *
*                                                          *
*    The MadGraph5_aMC@NLO Development Team - Find us at   *
*    https://server06.fynu.ucl.ac.be/projects/madgraph     *
*                                                          *
*               Type 'help' for in-line help.              *
*                                                          *
************************************************************
INFO: load configuration from /var/lib/condor/execute/dir_1414689/gen_for_LRSM_tb/genproductions/bin/MadGraph5_aMCatNLO/WRtoNLtoLLJJtb_WR1000_N900/WRtoNLtoLLJJtb_WR1000_N900_gridpack/work/processtmp/Cards/me5_configuration.txt  
INFO: load configuration from /var/lib/condor/execute/dir_1414689/gen_for_LRSM_tb/genproductions/bin/MadGraph5_aMCatNLO/WRtoNLtoLLJJtb_WR1000_N900/WRtoNLtoLLJJtb_WR1000_N900_gridpack/work/MG5_aMC_v2_9_18/input/mg5_configuration.txt  
INFO: load configuration from /var/lib/condor/execute/dir_1414689/gen_for_LRSM_tb/genproductions/bin/MadGraph5_aMCatNLO/WRtoNLtoLLJJtb_WR1000_N900/WRtoNLtoLLJJtb_WR1000_N900_gridpack/work/processtmp/Cards/me5_configuration.txt  
Using default text editor "vi". Set another one in ./input/mg5_configuration.txt
No valid eps viewer found. Please set in ./input/mg5_configuration.txt
No valid web browser found. Please set in ./input/mg5_configuration.txt
generate_events pilotrun
stty: 'standard input': Inappropriate ioctl for device
The following switches determine which programs are run:
/===========================================================================\
| 1. Choose the shower/hadronization program   [1m  shower[0m = [01mNot Avail.[0m        |
| 2. Choose the detector simulation program    [1mdetector[0m = [01mNot Avail.[0m        |
| 3. Choose an analysis package (plot/convert) [1manalysis[0m = [01mNot Avail.[0m        |
| 4. Decay onshell particles                   [1m madspin[0m = [31mOFF[0m               |
| 5. Add weights to events for new hypp.       [1mreweight[0m = [01mNot Avail.[0m        |
\===========================================================================/
Either type the switch number (1 to 5) to change its setting,
Set any switch explicitly (e.g. type 'madspin=ON' at the prompt)
Type 'help' for the list of all valid option
Type '0', 'auto', 'done' or just press enter when you are done.[60s to answer] 
>stty: 'standard input': Inappropriate ioctl for device
[1;31mCommand "generate_events pilotrun" interrupted with error:
InvalidCmd :  can not be mapped to an integer[0m
quit
INFO:  
finished pilot run
cleaning temporary output
mv: cannot stat '/var/lib/condor/execute/dir_1414689/gen_for_LRSM_tb/genproductions/bin/MadGraph5_aMCatNLO/WRtoNLtoLLJJtb_WR1000_N900/WRtoNLtoLLJJtb_WR1000_N900_gridpack/work/processtmp/pilotrun_gridpack.tar.gz': No such file or directory
unpacking temporary gridpack
tar (child): /var/lib/condor/execute/dir_1414689/gen_for_LRSM_tb/genproductions/bin/MadGraph5_aMCatNLO/WRtoNLtoLLJJtb_WR1000_N900/WRtoNLtoLLJJtb_WR1000_N900_gridpack/work/pilotrun_gridpack.tar.gz: Cannot open: No such file or directory
tar (child): Error is not recoverable: exiting now
tar: Child returned status 2
tar: Error is not recoverable: exiting now
cleaning temporary gridpack
rm: cannot remove '/var/lib/condor/execute/dir_1414689/gen_for_LRSM_tb/genproductions/bin/MadGraph5_aMCatNLO/WRtoNLtoLLJJtb_WR1000_N900/WRtoNLtoLLJJtb_WR1000_N900_gridpack/work/pilotrun_gridpack.tar.gz': No such file or directory
./gridpack_generation.sh: line 616: ./run.sh: No such file or directory
mv: cannot stat 'events.lhe.gz': No such file or directory
preparing final gridpack
./gridpack_generation.sh: line 638: ./madevent/Cards/me5_configuration.txt: No such file or directory
./gridpack_generation.sh: line 639: ./madevent/Cards/me5_configuration.txt: No such file or directory
./gridpack_generation.sh: line 640: ./madevent/Cards/me5_configuration.txt: No such file or directory
python3: can't open file '/var/lib/condor/execute/dir_1414689/gen_for_LRSM_tb/Utilities/scripts/getMG5_aMC_PDFInputs.py': [Errno 2] No such file or directory
cleaning unneeded files from gridpack
rm: cannot remove 'mgbasedir/doc': No such file or directory
ls: cannot access './process/madevent/SubProcesses/P*/*.inc': No such file or directory
rm: missing operand
Try 'rm --help' for more information.
Saving log file(s)
Creating tarball
Gridpack created successfully at /var/lib/condor/execute/dir_1414689/gen_for_LRSM_tb/genproductions/bin/MadGraph5_aMCatNLO/WRtoNLtoLLJJtb_WR1000_N900_el9_amd64_gcc11_CMSSW_13_2_9_tarball.tar.xz
End of job
cards
gridpack_generation.sh
macros
patches
PLUGIN
runcmsgrid_LO.sh
runcmsgrid_NLO.sh
submit_cmsconnect_gridpack_generation.sh
submit_cmsconnect_gridpack_generation_singlejob.sh
submit_condor_gridpack_generation.sh
submit_gridpack_generation_local.sh
submit_gridpack_generation.sh
Utilities
WRtoNLtoLLJJtb_WR1000_N900
WRtoNLtoLLJJtb_WR1000_N900_el9_amd64_gcc11_CMSSW_13_2_9_tarball.tar.xz
WRtoNLtoLLJJtb_WR1000_N900.log
cards
gridpack_generation.sh
macros
patches
PLUGIN
result_WR1000_N900
runcmsgrid_LO.sh
runcmsgrid_NLO.sh
submit_cmsconnect_gridpack_generation.sh
submit_cmsconnect_gridpack_generation_singlejob.sh
submit_condor_gridpack_generation.sh
submit_gridpack_generation_local.sh
submit_gridpack_generation.sh
Utilities
WRtoNLtoLLJJtb_WR1000_N900
WRtoNLtoLLJJtb_WR1000_N900_el9_amd64_gcc11_CMSSW_13_2_9_tarball.tar.xz
WRtoNLtoLLJJtb_WR1000_N900.log
