000 (118477.000.000) 2025-04-22 18:49:11 Job submitted from host: <172.30.1.200:9618?addrs=172.30.1.200-9618&alias=tamsa2&noUDP&sock=schedd_1978318_2d52>
...
040 (118477.000.000) 2025-04-22 18:49:12 Started transferring input files
	Transferring to host: <172.30.1.219:9618?addrs=172.30.1.219-9618&alias=node-w19.localdomain&noUDP&sock=slot1_21_10435_26c1_32283>
...
040 (118477.000.000) 2025-04-22 18:49:12 Finished transferring input files
...
001 (118477.000.000) 2025-04-22 18:49:12 Job executing on host: <172.30.1.219:9618?addrs=172.30.1.219-9618&alias=node-w19.localdomain&noUDP&sock=startd_10399_6d72>
	SlotName: slot1_21@node-w19.localdomain
	CondorScratchDir = "/var/lib/condor/execute/dir_3984474"
	Cpus = 5
	Disk = 2048
	GPUs = 0
	Memory = 16000
...
006 (118477.000.000) 2025-04-22 18:49:26 Image size of job updated: 61512
	61  -  MemoryUsage of job (MB)
	61512  -  ResidentSetSize of job (KB)
...
006 (118477.000.000) 2025-04-22 18:53:31 Image size of job updated: 2304856
	1419  -  MemoryUsage of job (MB)
	1452348  -  ResidentSetSize of job (KB)
...
040 (118477.000.000) 2025-04-22 18:53:32 Started transferring output files
...
040 (118477.000.000) 2025-04-22 18:53:32 Finished transferring output files
...
021 (118477.000.000) 2025-04-22 18:53:32 Error from starter on slot1_21@node-w19.localdomain:
	STARTER at 172.30.1.219 failed to send file(s) to <172.30.1.200:9618>: |Error: reading from file /var/lib/condor/execute/dir_3984474/genproductions/bin/MadGraph5_aMCatNLO/result_WR1000_N900: (errno 2) No such file or directory; SHADOW failed to receive file(s) from <172.30.1.219:45957>
	Code 13 Subcode 2
...
004 (118477.000.000) 2025-04-22 18:53:32 Job was evicted.
	(0) CPU times
		Usr 0 00:01:24, Sys 0 00:00:24  -  Run Remote Usage
		Usr 0 00:00:00, Sys 0 00:00:00  -  Run Local Usage
	69021  -  Run Bytes Sent By Job
	384  -  Run Bytes Received By Job
	Transfer output files failure at execution point slot1_21@node-w19.localdomain while sending files to access point tamsa2. Details: reading from file /var/lib/condor/execute/dir_3984474/genproductions/bin/MadGraph5_aMCatNLO/result_WR1000_N900: (errno 2) No such file or directory
	Partitionable Resources :      Usage  Request Allocated 
	   Cpus                 :       0.37        5         5 
	   Disk (KB)            : 1393004           1      2048 
	   GPUs                 :                             0 
	   Memory (MB)          :    1419       16000     16000 
	   TimeExecute (s)      :     259                       
	   TimeSlotBusy (s)     :     260                       
...
012 (118477.000.000) 2025-04-22 18:53:32 Job was held.
	Transfer output files failure at execution point slot1_21@node-w19.localdomain while sending files to access point tamsa2. Details: reading from file /var/lib/condor/execute/dir_3984474/genproductions/bin/MadGraph5_aMCatNLO/result_WR1000_N900: (errno 2) No such file or directory
	Code 12 Subcode 2
...
009 (118477.000.000) 2025-04-22 18:56:59 Job was aborted.
	via condor_rm (by user snuintern1)

	Job terminated by itself at 2025-04-22T09:53:31Z (using method 0: OF_ITS_OWN_ACCORD).
...
000 (118478.000.000) 2025-04-22 19:01:34 Job submitted from host: <172.30.1.200:9618?addrs=172.30.1.200-9618&alias=tamsa2&noUDP&sock=schedd_1978318_2d52>
...
040 (118478.000.000) 2025-04-22 19:01:35 Started transferring input files
	Transferring to host: <172.30.1.110:9618?addrs=172.30.1.110-9618&alias=node-g10.localdomain&noUDP&sock=slot1_27_3470132_aab1_8455>
...
001 (118478.000.000) 2025-04-22 19:01:35 Job executing on host: <172.30.1.110:9618?addrs=172.30.1.110-9618&alias=node-g10.localdomain&noUDP&sock=startd_3470096_cde4>
	SlotName: slot1_27@node-g10.localdomain
	CondorScratchDir = "/var/lib/condor/execute/dir_3538924"
	Cpus = 5
	Disk = 2048
	GPUs = 0
	Memory = 16000
...
040 (118478.000.000) 2025-04-22 19:01:35 Finished transferring input files
...
006 (118478.000.000) 2025-04-22 19:01:48 Image size of job updated: 72720
	72  -  MemoryUsage of job (MB)
	72720  -  ResidentSetSize of job (KB)
...
000 (118479.000.000) 2025-04-22 19:02:01 Job submitted from host: <172.30.1.200:9618?addrs=172.30.1.200-9618&alias=tamsa2&noUDP&sock=schedd_1978318_2d52>
...
040 (118479.000.000) 2025-04-22 19:02:01 Started transferring input files
	Transferring to host: <172.30.1.215:9618?addrs=172.30.1.215-9618&alias=node-w15.localdomain&noUDP&sock=slot1_13_9432_7279_75735>
...
001 (118479.000.000) 2025-04-22 19:02:01 Job executing on host: <172.30.1.215:9618?addrs=172.30.1.215-9618&alias=node-w15.localdomain&noUDP&sock=startd_9396_73f4>
	SlotName: slot1_13@node-w15.localdomain
	CondorScratchDir = "/var/lib/condor/execute/dir_1124993"
	Cpus = 5
	Disk = 2048
	GPUs = 0
	Memory = 16000
...
040 (118479.000.000) 2025-04-22 19:02:01 Finished transferring input files
...
006 (118478.000.000) 2025-04-22 19:02:15 Image size of job updated: 278480
	201  -  MemoryUsage of job (MB)
	205128  -  ResidentSetSize of job (KB)
...
006 (118479.000.000) 2025-04-22 19:02:15 Image size of job updated: 36520
	34  -  MemoryUsage of job (MB)
	34184  -  ResidentSetSize of job (KB)
...
004 (118478.000.000) 2025-04-22 19:02:15 Job was evicted.
	(0) CPU times
		Usr 0 00:00:06, Sys 0 00:00:02  -  Run Remote Usage
		Usr 0 00:00:00, Sys 0 00:00:00  -  Run Local Usage
	0  -  Run Bytes Sent By Job
	384  -  Run Bytes Received By Job
	Partitionable Resources :     Usage  Request Allocated 
	   Cpus                 :      0.22        5         5 
	   Disk (KB)            : 205088           1      2048 
	   GPUs                 :                            0 
	   Memory (MB)          :    201       16000     16000 
	   TimeExecute (s)      :     39                       
	   TimeSlotBusy (s)     :     40                       
...
004 (118479.000.000) 2025-04-22 19:02:15 Job was evicted.
	(0) CPU times
		Usr 0 00:00:02, Sys 0 00:00:00  -  Run Remote Usage
		Usr 0 00:00:00, Sys 0 00:00:00  -  Run Local Usage
	0  -  Run Bytes Sent By Job
	384  -  Run Bytes Received By Job
	Partitionable Resources :    Usage  Request Allocated 
	   Cpus                 :     0.34        5         5 
	   Disk (KB)            : 34144           1      2048 
	   GPUs                 :                           0 
	   Memory (MB)          :    34       16000     16000 
	   TimeExecute (s)      :    13                       
	   TimeSlotBusy (s)     :    14                       
...
009 (118478.000.000) 2025-04-22 19:02:15 Job was aborted.
	via condor_rm (by user snuintern1)
...
009 (118479.000.000) 2025-04-22 19:02:15 Job was aborted.
	via condor_rm (by user snuintern1)
...
000 (118480.000.000) 2025-04-22 19:02:19 Job submitted from host: <172.30.1.200:9618?addrs=172.30.1.200-9618&alias=tamsa2&noUDP&sock=schedd_1978318_2d52>
...
040 (118480.000.000) 2025-04-22 19:02:22 Started transferring input files
	Transferring to host: <172.30.1.213:9618?addrs=172.30.1.213-9618&alias=node-w13.localdomain&noUDP&sock=slot1_30_9464_fe7a_85268>
...
001 (118480.000.000) 2025-04-22 19:02:22 Job executing on host: <172.30.1.213:9618?addrs=172.30.1.213-9618&alias=node-w13.localdomain&noUDP&sock=startd_9428_66fc>
	SlotName: slot1_30@node-w13.localdomain
	CondorScratchDir = "/var/lib/condor/execute/dir_1414689"
	Cpus = 5
	Disk = 2048
	GPUs = 0
	Memory = 16000
...
040 (118480.000.000) 2025-04-22 19:02:22 Finished transferring input files
...
006 (118480.000.000) 2025-04-22 19:02:36 Image size of job updated: 49812
	49  -  MemoryUsage of job (MB)
	49812  -  ResidentSetSize of job (KB)
...
006 (118480.000.000) 2025-04-22 19:05:31 Image size of job updated: 2317700
	1419  -  MemoryUsage of job (MB)
	1452340  -  ResidentSetSize of job (KB)
...
040 (118480.000.000) 2025-04-22 19:05:31 Started transferring output files
...
040 (118480.000.000) 2025-04-22 19:05:32 Finished transferring output files
...
005 (118480.000.000) 2025-04-22 19:05:33 Job terminated.
	(1) Normal termination (return value 0)
		Usr 0 00:01:36, Sys 0 00:00:22  -  Run Remote Usage
		Usr 0 00:00:00, Sys 0 00:00:00  -  Run Local Usage
		Usr 0 00:01:36, Sys 0 00:00:22  -  Total Remote Usage
		Usr 0 00:00:00, Sys 0 00:00:00  -  Total Local Usage
	5262325  -  Run Bytes Sent By Job
	384  -  Run Bytes Received By Job
	5262325  -  Total Bytes Sent By Job
	384  -  Total Bytes Received By Job
	Partitionable Resources :      Usage  Request Allocated 
	   Cpus                 :       0.34        5         5 
	   Disk (KB)            : 1392997           1      2048 
	   GPUs                 :                             0 
	   Memory (MB)          :    1419       16000     16000 
	   TimeExecute (s)      :     189                       
	   TimeSlotBusy (s)     :     191                       

	Job terminated of its own accord at 2025-04-22T10:05:31Z with exit-code 0.
...
000 (118481.000.000) 2025-04-22 21:25:26 Job submitted from host: <172.30.1.200:9618?addrs=172.30.1.200-9618&alias=tamsa2&noUDP&sock=schedd_1978318_2d52>
...
040 (118481.000.000) 2025-04-22 21:25:26 Started transferring input files
	Transferring to host: <172.30.1.218:9618?addrs=172.30.1.218-9618&alias=node-w18.localdomain&noUDP&sock=slot1_43_10391_2640_38887>
...
001 (118481.000.000) 2025-04-22 21:25:26 Job executing on host: <172.30.1.218:9618?addrs=172.30.1.218-9618&alias=node-w18.localdomain&noUDP&sock=startd_10356_eedf>
	SlotName: slot1_43@node-w18.localdomain
	CondorScratchDir = "/var/lib/condor/execute/dir_2641261"
	Cpus = 5
	Disk = 2048
	GPUs = 0
	Memory = 16000
...
040 (118481.000.000) 2025-04-22 21:25:26 Finished transferring input files
...
006 (118481.000.000) 2025-04-22 21:25:40 Image size of job updated: 57740
	57  -  MemoryUsage of job (MB)
	57740  -  ResidentSetSize of job (KB)
...
006 (118481.000.000) 2025-04-22 21:30:41 Image size of job updated: 1043396
	1019  -  MemoryUsage of job (MB)
	1043396  -  ResidentSetSize of job (KB)
...
006 (118481.000.000) 2025-04-22 21:31:32 Image size of job updated: 1317024
	1287  -  MemoryUsage of job (MB)
	1317024  -  ResidentSetSize of job (KB)
...
040 (118481.000.000) 2025-04-22 21:31:32 Started transferring output files
...
040 (118481.000.000) 2025-04-22 21:31:32 Finished transferring output files
...
021 (118481.000.000) 2025-04-22 21:31:32 Error from starter on slot1_43@node-w18.localdomain:
	STARTER at 172.30.1.218 failed to send file(s) to <172.30.1.200:9618>: |Error: reading from file /var/lib/condor/execute/dir_2641261/genproductions/bin/MadGraph5_aMCatNLO/result_WR1000_N900: (errno 2) No such file or directory; SHADOW failed to receive file(s) from <172.30.1.218:42643>
	Code 13 Subcode 2
...
004 (118481.000.000) 2025-04-22 21:31:32 Job was evicted.
	(0) CPU times
		Usr 0 00:00:53, Sys 0 00:00:18  -  Run Remote Usage
		Usr 0 00:00:00, Sys 0 00:00:00  -  Run Local Usage
	677  -  Run Bytes Sent By Job
	366  -  Run Bytes Received By Job
	Transfer output files failure at execution point slot1_43@node-w18.localdomain while sending files to access point tamsa2. Details: reading from file /var/lib/condor/execute/dir_2641261/genproductions/bin/MadGraph5_aMCatNLO/result_WR1000_N900: (errno 2) No such file or directory
	Partitionable Resources :      Usage  Request Allocated 
	   Cpus                 :       0.22        5         5 
	   Disk (KB)            : 1256924           1      2048 
	   GPUs                 :                             0 
	   Memory (MB)          :    1287       16000     16000 
	   TimeExecute (s)      :     366                       
	   TimeSlotBusy (s)     :     366                       
...
012 (118481.000.000) 2025-04-22 21:31:32 Job was held.
	Transfer output files failure at execution point slot1_43@node-w18.localdomain while sending files to access point tamsa2. Details: reading from file /var/lib/condor/execute/dir_2641261/genproductions/bin/MadGraph5_aMCatNLO/result_WR1000_N900: (errno 2) No such file or directory
	Code 12 Subcode 2
...
009 (118481.000.000) 2025-04-22 21:33:08 Job was aborted.
	via condor_rm (by user snuintern1)

	Job terminated by itself at 2025-04-22T12:31:32Z (using method 0: OF_ITS_OWN_ACCORD).
...
000 (118493.000.000) 2025-04-22 21:40:09 Job submitted from host: <172.30.1.200:9618?addrs=172.30.1.200-9618&alias=tamsa2&noUDP&sock=schedd_1978318_2d52>
...
040 (118493.000.000) 2025-04-22 21:40:22 Started transferring input files
	Transferring to host: <172.30.1.221:9618?addrs=172.30.1.221-9618&alias=node-w21.localdomain&noUDP&sock=slot1_32_10398_14e0_38955>
...
040 (118493.000.000) 2025-04-22 21:40:22 Finished transferring input files
...
001 (118493.000.000) 2025-04-22 21:40:22 Job executing on host: <172.30.1.221:9618?addrs=172.30.1.221-9618&alias=node-w21.localdomain&noUDP&sock=startd_10362_0c71>
	SlotName: slot1_32@node-w21.localdomain
	CondorScratchDir = "/var/lib/condor/execute/dir_2131994"
	Cpus = 5
	Disk = 2048
	GPUs = 0
	Memory = 16000
...
006 (118493.000.000) 2025-04-22 21:40:36 Image size of job updated: 37192
	37  -  MemoryUsage of job (MB)
	37192  -  ResidentSetSize of job (KB)
...
006 (118493.000.000) 2025-04-22 21:45:36 Image size of job updated: 1051156
	1027  -  MemoryUsage of job (MB)
	1051156  -  ResidentSetSize of job (KB)
...
006 (118493.000.000) 2025-04-22 21:46:14 Image size of job updated: 1654200
	1228  -  MemoryUsage of job (MB)
	1256568  -  ResidentSetSize of job (KB)
...
040 (118493.000.000) 2025-04-22 21:46:15 Started transferring output files
...
040 (118493.000.000) 2025-04-22 21:46:15 Finished transferring output files
...
021 (118493.000.000) 2025-04-22 21:46:15 Error from starter on slot1_32@node-w21.localdomain:
	STARTER at 172.30.1.221 failed to send file(s) to <172.30.1.200:9618>: |Error: reading from file /var/lib/condor/execute/dir_2131994/genproductions/bin/MadGraph5_aMCatNLO/result_WR1000_N900: (errno 2) No such file or directory; SHADOW failed to receive file(s) from <172.30.1.221:38217>
	Code 13 Subcode 2
...
004 (118493.000.000) 2025-04-22 21:46:15 Job was evicted.
	(0) CPU times
		Usr 0 00:00:55, Sys 0 00:00:20  -  Run Remote Usage
		Usr 0 00:00:00, Sys 0 00:00:00  -  Run Local Usage
	677  -  Run Bytes Sent By Job
	366  -  Run Bytes Received By Job
	Transfer output files failure at execution point slot1_32@node-w21.localdomain while sending files to access point tamsa2. Details: reading from file /var/lib/condor/execute/dir_2131994/genproductions/bin/MadGraph5_aMCatNLO/result_WR1000_N900: (errno 2) No such file or directory
	Partitionable Resources :      Usage  Request Allocated 
	   Cpus                 :       0.31        5         5 
	   Disk (KB)            : 1216743           1      2048 
	   GPUs                 :                             0 
	   Memory (MB)          :    1228       16000     16000 
	   TimeExecute (s)      :     352                       
	   TimeSlotBusy (s)     :     353                       
...
012 (118493.000.000) 2025-04-22 21:46:15 Job was held.
	Transfer output files failure at execution point slot1_32@node-w21.localdomain while sending files to access point tamsa2. Details: reading from file /var/lib/condor/execute/dir_2131994/genproductions/bin/MadGraph5_aMCatNLO/result_WR1000_N900: (errno 2) No such file or directory
	Code 12 Subcode 2
...
000 (118509.000.000) 2025-04-22 22:30:30 Job submitted from host: <172.30.1.200:9618?addrs=172.30.1.200-9618&alias=tamsa2&noUDP&sock=schedd_1978318_2d52>
...
040 (118509.000.000) 2025-04-22 22:30:31 Started transferring input files
	Transferring to host: <172.30.1.218:9618?addrs=172.30.1.218-9618&alias=node-w18.localdomain&noUDP&sock=slot1_53_10391_2640_39082>
...
040 (118509.000.000) 2025-04-22 22:30:31 Finished transferring input files
...
001 (118509.000.000) 2025-04-22 22:30:31 Job executing on host: <172.30.1.218:9618?addrs=172.30.1.218-9618&alias=node-w18.localdomain&noUDP&sock=startd_10356_eedf>
	SlotName: slot1_53@node-w18.localdomain
	CondorScratchDir = "/var/lib/condor/execute/dir_2803623"
	Cpus = 5
	Disk = 2048
	GPUs = 0
	Memory = 16000
...
006 (118509.000.000) 2025-04-22 22:30:44 Image size of job updated: 60496
	60  -  MemoryUsage of job (MB)
	60496  -  ResidentSetSize of job (KB)
...
006 (118509.000.000) 2025-04-22 22:35:44 Image size of job updated: 1099516
	1074  -  MemoryUsage of job (MB)
	1099516  -  ResidentSetSize of job (KB)
...
006 (118509.000.000) 2025-04-22 22:36:30 Image size of job updated: 1381476
	1350  -  MemoryUsage of job (MB)
	1381476  -  ResidentSetSize of job (KB)
...
040 (118509.000.000) 2025-04-22 22:36:30 Started transferring output files
...
040 (118509.000.000) 2025-04-22 22:36:30 Finished transferring output files
...
021 (118509.000.000) 2025-04-22 22:36:30 Error from starter on slot1_53@node-w18.localdomain:
	STARTER at 172.30.1.218 failed to send file(s) to <172.30.1.200:9618>; SHADOW at 172.30.1.200 - |Error: writing to file /data6/Users/snuintern1/tbchannel/gen_for_tb_LRSM/condorfilesoutput/WR1000_N900_LO.output: (errno 2) No such file or directory
	Code 12 Subcode 2
...
004 (118509.000.000) 2025-04-22 22:36:30 Job was evicted.
	(0) CPU times
		Usr 0 00:00:58, Sys 0 00:00:21  -  Run Remote Usage
		Usr 0 00:00:00, Sys 0 00:00:00  -  Run Local Usage
	86966  -  Run Bytes Sent By Job
	367  -  Run Bytes Received By Job
	Transfer output files failure at access point tamsa2 while receiving files from execution point slot1_53@node-w18.localdomain. Details: writing to file /data6/Users/snuintern1/tbchannel/gen_for_tb_LRSM/condorfilesoutput/WR1000_N900_LO.output: (errno 2) No such file or directory
	Partitionable Resources :      Usage  Request Allocated 
	   Cpus                 :       0.14        5         5 
	   Disk (KB)            : 1326521           1      2048 
	   GPUs                 :                             0 
	   Memory (MB)          :    1350       16000     16000 
	   TimeExecute (s)      :     359                       
	   TimeSlotBusy (s)     :     359                       
...
012 (118509.000.000) 2025-04-22 22:36:30 Job was held.
	Transfer output files failure at access point tamsa2 while receiving files from execution point slot1_53@node-w18.localdomain. Details: writing to file /data6/Users/snuintern1/tbchannel/gen_for_tb_LRSM/condorfilesoutput/WR1000_N900_LO.output: (errno 2) No such file or directory
	Code 12 Subcode 2
...
009 (118509.000.000) 2025-04-22 22:45:23 Job was aborted.
	via condor_rm (by user snuintern1)

	Job terminated by itself at 2025-04-22T13:36:30Z (using method 0: OF_ITS_OWN_ACCORD).
...
009 (118493.000.000) 2025-04-22 22:45:23 Job was aborted.
	via condor_rm (by user snuintern1)

	Job terminated by itself at 2025-04-22T12:46:14Z (using method 0: OF_ITS_OWN_ACCORD).
...
000 (118521.000.000) 2025-04-22 22:45:27 Job submitted from host: <172.30.1.200:9618?addrs=172.30.1.200-9618&alias=tamsa2&noUDP&sock=schedd_1978318_2d52>
...
040 (118521.000.000) 2025-04-22 22:45:28 Started transferring input files
	Transferring to host: <172.30.1.221:9618?addrs=172.30.1.221-9618&alias=node-w21.localdomain&noUDP&sock=slot1_43_10398_14e0_39285>
...
040 (118521.000.000) 2025-04-22 22:45:28 Finished transferring input files
...
001 (118521.000.000) 2025-04-22 22:45:28 Job executing on host: <172.30.1.221:9618?addrs=172.30.1.221-9618&alias=node-w21.localdomain&noUDP&sock=startd_10362_0c71>
	SlotName: slot1_43@node-w21.localdomain
	CondorScratchDir = "/var/lib/condor/execute/dir_2758170"
	Cpus = 5
	Disk = 2048
	GPUs = 0
	Memory = 16000
...
006 (118521.000.000) 2025-04-22 22:45:41 Image size of job updated: 57560
	57  -  MemoryUsage of job (MB)
	57560  -  ResidentSetSize of job (KB)
...
006 (118521.000.000) 2025-04-22 22:50:41 Image size of job updated: 1426988
	1392  -  MemoryUsage of job (MB)
	1424896  -  ResidentSetSize of job (KB)
...
006 (118521.000.000) 2025-04-22 22:55:15 Image size of job updated: 3592476
	1562  -  MemoryUsage of job (MB)
	1598960  -  ResidentSetSize of job (KB)
...
040 (118521.000.000) 2025-04-22 22:55:15 Started transferring output files
...
040 (118521.000.000) 2025-04-22 22:55:16 Finished transferring output files
...
005 (118521.000.000) 2025-04-22 22:55:16 Job terminated.
	(1) Normal termination (return value 0)
		Usr 0 00:06:09, Sys 0 00:00:46  -  Run Remote Usage
		Usr 0 00:00:00, Sys 0 00:00:00  -  Run Local Usage
		Usr 0 00:06:09, Sys 0 00:00:46  -  Total Remote Usage
		Usr 0 00:00:00, Sys 0 00:00:00  -  Total Local Usage
	29381992  -  Run Bytes Sent By Job
	367  -  Run Bytes Received By Job
	29381992  -  Total Bytes Sent By Job
	367  -  Total Bytes Received By Job
	Partitionable Resources :      Usage  Request Allocated 
	   Cpus                 :       1.00        5         5 
	   Disk (KB)            : 1538404           1      2048 
	   GPUs                 :                             0 
	   Memory (MB)          :    1562       16000     16000 
	   TimeExecute (s)      :     587                       
	   TimeSlotBusy (s)     :     589                       

	Job terminated of its own accord at 2025-04-22T13:55:15Z with exit-code 0.
...
