000 (118483.000.000) 2025-04-22 21:25:26 Job submitted from host: <172.30.1.200:9618?addrs=172.30.1.200-9618&alias=tamsa2&noUDP&sock=schedd_1978318_2d52>
...
040 (118483.000.000) 2025-04-22 21:25:26 Started transferring input files
	Transferring to host: <172.30.1.210:9618?addrs=172.30.1.210-9618&alias=node-w10.localdomain&noUDP&sock=slot1_25_9562_0b3e_28346>
...
001 (118483.000.000) 2025-04-22 21:25:26 Job executing on host: <172.30.1.210:9618?addrs=172.30.1.210-9618&alias=node-w10.localdomain&noUDP&sock=startd_9526_9f44>
	SlotName: slot1_25@node-w10.localdomain
	CondorScratchDir = "/var/lib/condor/execute/dir_1051566"
	Cpus = 5
	Disk = 2048
	GPUs = 0
	Memory = 16000
...
040 (118483.000.000) 2025-04-22 21:25:26 Finished transferring input files
...
006 (118483.000.000) 2025-04-22 21:25:40 Image size of job updated: 63016
	62  -  MemoryUsage of job (MB)
	63016  -  ResidentSetSize of job (KB)
...
006 (118483.000.000) 2025-04-22 21:30:41 Image size of job updated: 1065024
	1024  -  MemoryUsage of job (MB)
	1047900  -  ResidentSetSize of job (KB)
...
006 (118483.000.000) 2025-04-22 21:31:22 Image size of job updated: 1317556
	1287  -  MemoryUsage of job (MB)
	1317056  -  ResidentSetSize of job (KB)
...
040 (118483.000.000) 2025-04-22 21:31:22 Started transferring output files
...
040 (118483.000.000) 2025-04-22 21:31:22 Finished transferring output files
...
021 (118483.000.000) 2025-04-22 21:31:22 Error from starter on slot1_25@node-w10.localdomain:
	STARTER at 172.30.1.210 failed to send file(s) to <172.30.1.200:9618>: |Error: reading from file /var/lib/condor/execute/dir_1051566/genproductions/bin/MadGraph5_aMCatNLO/result_WR2000_N1900: (errno 2) No such file or directory; SHADOW failed to receive file(s) from <172.30.1.210:42949>
	Code 13 Subcode 2
...
004 (118483.000.000) 2025-04-22 21:31:22 Job was evicted.
	(0) CPU times
		Usr 0 00:00:53, Sys 0 00:00:19  -  Run Remote Usage
		Usr 0 00:00:00, Sys 0 00:00:00  -  Run Local Usage
	1950  -  Run Bytes Sent By Job
	372  -  Run Bytes Received By Job
	Transfer output files failure at execution point slot1_25@node-w10.localdomain while sending files to access point tamsa2. Details: reading from file /var/lib/condor/execute/dir_1051566/genproductions/bin/MadGraph5_aMCatNLO/result_WR2000_N1900: (errno 2) No such file or directory
	Partitionable Resources :      Usage  Request Allocated 
	   Cpus                 :       0.13        5         5 
	   Disk (KB)            : 1256958           1      2048 
	   GPUs                 :                             0 
	   Memory (MB)          :    1287       16000     16000 
	   TimeExecute (s)      :     356                       
	   TimeSlotBusy (s)     :     356                       
...
012 (118483.000.000) 2025-04-22 21:31:22 Job was held.
	Transfer output files failure at execution point slot1_25@node-w10.localdomain while sending files to access point tamsa2. Details: reading from file /var/lib/condor/execute/dir_1051566/genproductions/bin/MadGraph5_aMCatNLO/result_WR2000_N1900: (errno 2) No such file or directory
	Code 12 Subcode 2
...
009 (118483.000.000) 2025-04-22 21:33:08 Job was aborted.
	via condor_rm (by user snuintern1)

	Job terminated by itself at 2025-04-22T12:31:22Z (using method 0: OF_ITS_OWN_ACCORD).
...
