000 (118485.000.000) 2025-04-22 21:25:26 Job submitted from host: <172.30.1.200:9618?addrs=172.30.1.200-9618&alias=tamsa2&noUDP&sock=schedd_1978318_2d52>
...
040 (118485.000.000) 2025-04-22 21:25:47 Started transferring input files
	Transferring to host: <172.30.1.109:9618?addrs=172.30.1.109-9618&alias=node-g9.localdomain&noUDP&sock=slot1_8_1675383_a2ba_10437>
...
001 (118485.000.000) 2025-04-22 21:25:47 Job executing on host: <172.30.1.109:9618?addrs=172.30.1.109-9618&alias=node-g9.localdomain&noUDP&sock=startd_1675347_4566>
	SlotName: slot1_8@node-g9.localdomain
	CondorScratchDir = "/var/lib/condor/execute/dir_1619869"
	Cpus = 5
	Disk = 2048
	GPUs = 0
	Memory = 16000
...
040 (118485.000.000) 2025-04-22 21:25:47 Finished transferring input files
...
006 (118485.000.000) 2025-04-22 21:26:01 Image size of job updated: 48176
	48  -  MemoryUsage of job (MB)
	48176  -  ResidentSetSize of job (KB)
...
006 (118485.000.000) 2025-04-22 21:31:02 Image size of job updated: 1095012
	1070  -  MemoryUsage of job (MB)
	1095012  -  ResidentSetSize of job (KB)
...
006 (118485.000.000) 2025-04-22 21:31:25 Image size of job updated: 1317020
	1287  -  MemoryUsage of job (MB)
	1317020  -  ResidentSetSize of job (KB)
...
040 (118485.000.000) 2025-04-22 21:31:26 Started transferring output files
...
040 (118485.000.000) 2025-04-22 21:31:26 Finished transferring output files
...
021 (118485.000.000) 2025-04-22 21:31:26 Error from starter on slot1_8@node-g9.localdomain:
	STARTER at 172.30.1.109 failed to send file(s) to <172.30.1.200:9618>: |Error: reading from file /var/lib/condor/execute/dir_1619869/genproductions/bin/MadGraph5_aMCatNLO/result_WR3000_N2900: (errno 2) No such file or directory; SHADOW failed to receive file(s) from <172.30.1.109:44681>
	Code 13 Subcode 2
...
004 (118485.000.000) 2025-04-22 21:31:26 Job was evicted.
	(0) CPU times
		Usr 0 00:00:50, Sys 0 00:00:16  -  Run Remote Usage
		Usr 0 00:00:00, Sys 0 00:00:00  -  Run Local Usage
	795  -  Run Bytes Sent By Job
	372  -  Run Bytes Received By Job
	Transfer output files failure at execution point slot1_8@node-g9.localdomain while sending files to access point tamsa2. Details: reading from file /var/lib/condor/execute/dir_1619869/genproductions/bin/MadGraph5_aMCatNLO/result_WR3000_N2900: (errno 2) No such file or directory
	Partitionable Resources :      Usage  Request Allocated 
	   Cpus                 :       0.26        5         5 
	   Disk (KB)            : 1256921           1      2048 
	   GPUs                 :                             0 
	   Memory (MB)          :    1287       16000     16000 
	   TimeExecute (s)      :     338                       
	   TimeSlotBusy (s)     :     339                       
...
012 (118485.000.000) 2025-04-22 21:31:26 Job was held.
	Transfer output files failure at execution point slot1_8@node-g9.localdomain while sending files to access point tamsa2. Details: reading from file /var/lib/condor/execute/dir_1619869/genproductions/bin/MadGraph5_aMCatNLO/result_WR3000_N2900: (errno 2) No such file or directory
	Code 12 Subcode 2
...
009 (118485.000.000) 2025-04-22 21:33:08 Job was aborted.
	via condor_rm (by user snuintern1)

	Job terminated by itself at 2025-04-22T12:31:25Z (using method 0: OF_ITS_OWN_ACCORD).
...
