000 (118486.000.000) 2025-04-22 21:25:26 Job submitted from host: <172.30.1.200:9618?addrs=172.30.1.200-9618&alias=tamsa2&noUDP&sock=schedd_1978318_2d52>
...
040 (118486.000.000) 2025-04-22 21:25:47 Started transferring input files
	Transferring to host: <172.30.1.110:9618?addrs=172.30.1.110-9618&alias=node-g10.localdomain&noUDP&sock=slot1_8_3470132_aab1_8841>
...
040 (118486.000.000) 2025-04-22 21:25:47 Finished transferring input files
...
001 (118486.000.000) 2025-04-22 21:25:47 Job executing on host: <172.30.1.110:9618?addrs=172.30.1.110-9618&alias=node-g10.localdomain&noUDP&sock=startd_3470096_cde4>
	SlotName: slot1_8@node-g10.localdomain
	CondorScratchDir = "/var/lib/condor/execute/dir_4108626"
	Cpus = 5
	Disk = 2048
	GPUs = 0
	Memory = 16000
...
006 (118486.000.000) 2025-04-22 21:26:01 Image size of job updated: 43912
	43  -  MemoryUsage of job (MB)
	43912  -  ResidentSetSize of job (KB)
...
006 (118486.000.000) 2025-04-22 21:31:02 Image size of job updated: 1169196
	1129  -  MemoryUsage of job (MB)
	1155924  -  ResidentSetSize of job (KB)
...
006 (118486.000.000) 2025-04-22 21:31:07 Image size of job updated: 1317020
	1287  -  MemoryUsage of job (MB)
	1317020  -  ResidentSetSize of job (KB)
...
040 (118486.000.000) 2025-04-22 21:31:07 Started transferring output files
...
040 (118486.000.000) 2025-04-22 21:31:07 Finished transferring output files
...
021 (118486.000.000) 2025-04-22 21:31:07 Error from starter on slot1_8@node-g10.localdomain:
	STARTER at 172.30.1.110 failed to send file(s) to <172.30.1.200:9618>: |Error: reading from file /var/lib/condor/execute/dir_4108626/genproductions/bin/MadGraph5_aMCatNLO/result_WR3500_N3400: (errno 2) No such file or directory; SHADOW failed to receive file(s) from <172.30.1.110:33087>
	Code 13 Subcode 2
...
004 (118486.000.000) 2025-04-22 21:31:07 Job was evicted.
	(0) CPU times
		Usr 0 00:00:40, Sys 0 00:00:14  -  Run Remote Usage
		Usr 0 00:00:00, Sys 0 00:00:00  -  Run Local Usage
	683  -  Run Bytes Sent By Job
	372  -  Run Bytes Received By Job
	Transfer output files failure at execution point slot1_8@node-g10.localdomain while sending files to access point tamsa2. Details: reading from file /var/lib/condor/execute/dir_4108626/genproductions/bin/MadGraph5_aMCatNLO/result_WR3500_N3400: (errno 2) No such file or directory
	Partitionable Resources :      Usage  Request Allocated 
	   Cpus                 :       0.12        5         5 
	   Disk (KB)            : 1256921           1      2048 
	   GPUs                 :                             0 
	   Memory (MB)          :    1287       16000     16000 
	   TimeExecute (s)      :     320                       
	   TimeSlotBusy (s)     :     320                       
...
012 (118486.000.000) 2025-04-22 21:31:07 Job was held.
	Transfer output files failure at execution point slot1_8@node-g10.localdomain while sending files to access point tamsa2. Details: reading from file /var/lib/condor/execute/dir_4108626/genproductions/bin/MadGraph5_aMCatNLO/result_WR3500_N3400: (errno 2) No such file or directory
	Code 12 Subcode 2
...
009 (118486.000.000) 2025-04-22 21:33:08 Job was aborted.
	via condor_rm (by user snuintern1)

	Job terminated by itself at 2025-04-22T12:31:07Z (using method 0: OF_ITS_OWN_ACCORD).
...
000 (118498.000.000) 2025-04-22 21:40:09 Job submitted from host: <172.30.1.200:9618?addrs=172.30.1.200-9618&alias=tamsa2&noUDP&sock=schedd_1978318_2d52>
...
040 (118498.000.000) 2025-04-22 21:40:22 Started transferring input files
	Transferring to host: <172.30.1.204:9618?addrs=172.30.1.204-9618&alias=node-w4.localdomain&noUDP&sock=slot1_8_9493_6d5b_12850>
...
040 (118498.000.000) 2025-04-22 21:40:22 Finished transferring input files
...
001 (118498.000.000) 2025-04-22 21:40:22 Job executing on host: <172.30.1.204:9618?addrs=172.30.1.204-9618&alias=node-w4.localdomain&noUDP&sock=startd_9457_4b3b>
	SlotName: slot1_8@node-w4.localdomain
	CondorScratchDir = "/var/lib/condor/execute/dir_3245514"
	Cpus = 5
	Disk = 2048
	GPUs = 0
	Memory = 16000
...
006 (118498.000.000) 2025-04-22 21:40:36 Image size of job updated: 26716
	27  -  MemoryUsage of job (MB)
	26716  -  ResidentSetSize of job (KB)
...
006 (118498.000.000) 2025-04-22 21:45:37 Image size of job updated: 1026232
	1003  -  MemoryUsage of job (MB)
	1026232  -  ResidentSetSize of job (KB)
...
006 (118498.000.000) 2025-04-22 21:46:27 Image size of job updated: 1256608
	1228  -  MemoryUsage of job (MB)
	1256608  -  ResidentSetSize of job (KB)
...
040 (118498.000.000) 2025-04-22 21:46:27 Started transferring output files
...
040 (118498.000.000) 2025-04-22 21:46:27 Finished transferring output files
...
021 (118498.000.000) 2025-04-22 21:46:27 Error from starter on slot1_8@node-w4.localdomain:
	STARTER at 172.30.1.204 failed to send file(s) to <172.30.1.200:9618>: |Error: reading from file /var/lib/condor/execute/dir_3245514/genproductions/bin/MadGraph5_aMCatNLO/result_WR3500_N3400: (errno 2) No such file or directory; SHADOW failed to receive file(s) from <172.30.1.204:40923>
	Code 13 Subcode 2
...
004 (118498.000.000) 2025-04-22 21:46:27 Job was evicted.
	(0) CPU times
		Usr 0 00:00:39, Sys 0 00:00:13  -  Run Remote Usage
		Usr 0 00:00:00, Sys 0 00:00:00  -  Run Local Usage
	683  -  Run Bytes Sent By Job
	372  -  Run Bytes Received By Job
	Transfer output files failure at execution point slot1_8@node-w4.localdomain while sending files to access point tamsa2. Details: reading from file /var/lib/condor/execute/dir_3245514/genproductions/bin/MadGraph5_aMCatNLO/result_WR3500_N3400: (errno 2) No such file or directory
	Partitionable Resources :      Usage  Request Allocated 
	   Cpus                 :       0.05        5         5 
	   Disk (KB)            : 1216779           1      2048 
	   GPUs                 :                             0 
	   Memory (MB)          :    1228       16000     16000 
	   TimeExecute (s)      :     365                       
	   TimeSlotBusy (s)     :     365                       
...
012 (118498.000.000) 2025-04-22 21:46:27 Job was held.
	Transfer output files failure at execution point slot1_8@node-w4.localdomain while sending files to access point tamsa2. Details: reading from file /var/lib/condor/execute/dir_3245514/genproductions/bin/MadGraph5_aMCatNLO/result_WR3500_N3400: (errno 2) No such file or directory
	Code 12 Subcode 2
...
000 (118514.000.000) 2025-04-22 22:30:31 Job submitted from host: <172.30.1.200:9618?addrs=172.30.1.200-9618&alias=tamsa2&noUDP&sock=schedd_1978318_2d52>
...
040 (118514.000.000) 2025-04-22 22:30:50 Started transferring input files
	Transferring to host: <172.30.1.221:9618?addrs=172.30.1.221-9618&alias=node-w21.localdomain&noUDP&sock=slot1_8_10398_14e0_39252>
...
040 (118514.000.000) 2025-04-22 22:30:50 Finished transferring input files
...
001 (118514.000.000) 2025-04-22 22:30:50 Job executing on host: <172.30.1.221:9618?addrs=172.30.1.221-9618&alias=node-w21.localdomain&noUDP&sock=startd_10362_0c71>
	SlotName: slot1_8@node-w21.localdomain
	CondorScratchDir = "/var/lib/condor/execute/dir_2728255"
	Cpus = 5
	Disk = 2048
	GPUs = 0
	Memory = 16000
...
006 (118514.000.000) 2025-04-22 22:31:04 Image size of job updated: 45840
	45  -  MemoryUsage of job (MB)
	45840  -  ResidentSetSize of job (KB)
...
006 (118514.000.000) 2025-04-22 22:36:04 Image size of job updated: 1039816
	1016  -  MemoryUsage of job (MB)
	1039816  -  ResidentSetSize of job (KB)
...
006 (118514.000.000) 2025-04-22 22:37:08 Image size of job updated: 1381476
	1350  -  MemoryUsage of job (MB)
	1381476  -  ResidentSetSize of job (KB)
...
040 (118514.000.000) 2025-04-22 22:37:08 Started transferring output files
...
040 (118514.000.000) 2025-04-22 22:37:08 Finished transferring output files
...
021 (118514.000.000) 2025-04-22 22:37:08 Error from starter on slot1_8@node-w21.localdomain:
	STARTER at 172.30.1.221 failed to send file(s) to <172.30.1.200:9618>; SHADOW at 172.30.1.200 - |Error: writing to file /data6/Users/snuintern1/tbchannel/gen_for_tb_LRSM/condorfilesoutput/WR3500_N3400_LO.output: (errno 2) No such file or directory
	Code 12 Subcode 2
...
004 (118514.000.000) 2025-04-22 22:37:08 Job was evicted.
	(0) CPU times
		Usr 0 00:01:09, Sys 0 00:00:27  -  Run Remote Usage
		Usr 0 00:00:00, Sys 0 00:00:00  -  Run Local Usage
	86985  -  Run Bytes Sent By Job
	373  -  Run Bytes Received By Job
	Transfer output files failure at access point tamsa2 while receiving files from execution point slot1_8@node-w21.localdomain. Details: writing to file /data6/Users/snuintern1/tbchannel/gen_for_tb_LRSM/condorfilesoutput/WR3500_N3400_LO.output: (errno 2) No such file or directory
	Partitionable Resources :      Usage  Request Allocated 
	   Cpus                 :       0.17        5         5 
	   Disk (KB)            : 1326521           1      2048 
	   GPUs                 :                             0 
	   Memory (MB)          :    1350       16000     16000 
	   TimeExecute (s)      :     378                       
	   TimeSlotBusy (s)     :     378                       
...
012 (118514.000.000) 2025-04-22 22:37:08 Job was held.
	Transfer output files failure at access point tamsa2 while receiving files from execution point slot1_8@node-w21.localdomain. Details: writing to file /data6/Users/snuintern1/tbchannel/gen_for_tb_LRSM/condorfilesoutput/WR3500_N3400_LO.output: (errno 2) No such file or directory
	Code 12 Subcode 2
...
009 (118514.000.000) 2025-04-22 22:45:23 Job was aborted.
	via condor_rm (by user snuintern1)

	Job terminated by itself at 2025-04-22T13:37:08Z (using method 0: OF_ITS_OWN_ACCORD).
...
009 (118498.000.000) 2025-04-22 22:45:23 Job was aborted.
	via condor_rm (by user snuintern1)

	Job terminated by itself at 2025-04-22T12:46:27Z (using method 0: OF_ITS_OWN_ACCORD).
...
000 (118526.000.000) 2025-04-22 22:45:27 Job submitted from host: <172.30.1.200:9618?addrs=172.30.1.200-9618&alias=tamsa2&noUDP&sock=schedd_1978318_2d52>
...
040 (118526.000.000) 2025-04-22 22:45:28 Started transferring input files
	Transferring to host: <172.30.1.207:9618?addrs=172.30.1.207-9618&alias=node-w7.localdomain&noUDP&sock=slot1_9_9507_4a9c_22213>
...
001 (118526.000.000) 2025-04-22 22:45:28 Job executing on host: <172.30.1.207:9618?addrs=172.30.1.207-9618&alias=node-w7.localdomain&noUDP&sock=startd_9471_e58e>
	SlotName: slot1_9@node-w7.localdomain
	CondorScratchDir = "/var/lib/condor/execute/dir_1929762"
	Cpus = 5
	Disk = 2048
	GPUs = 0
	Memory = 16000
...
040 (118526.000.000) 2025-04-22 22:45:28 Finished transferring input files
...
006 (118526.000.000) 2025-04-22 22:45:41 Image size of job updated: 33176
	33  -  MemoryUsage of job (MB)
	33176  -  ResidentSetSize of job (KB)
...
006 (118526.000.000) 2025-04-22 22:50:41 Image size of job updated: 1282384
	1253  -  MemoryUsage of job (MB)
	1282384  -  ResidentSetSize of job (KB)
...
006 (118526.000.000) 2025-04-22 22:55:41 Image size of job updated: 2977300
	2908  -  MemoryUsage of job (MB)
	2977300  -  ResidentSetSize of job (KB)
...
006 (118526.000.000) 2025-04-22 22:58:49 Image size of job updated: 3578936
	2908  -  MemoryUsage of job (MB)
	2977784  -  ResidentSetSize of job (KB)
...
040 (118526.000.000) 2025-04-22 22:58:49 Started transferring output files
...
040 (118526.000.000) 2025-04-22 22:58:50 Finished transferring output files
...
021 (118526.000.000) 2025-04-22 22:58:50 Error from starter on slot1_9@node-w7.localdomain:
	STARTER at 172.30.1.207 failed to send file(s) to <172.30.1.200:9618>; SHADOW at 172.30.1.200 - |Error: writing to file /data6/Users/snuintern1/tbchannel/gen_for_tb_LRSM/condorfilesoutput/WR3500_N3400_LO.output: (errno 2) No such file or directory
	Code 12 Subcode 2
...
004 (118526.000.000) 2025-04-22 22:58:50 Job was evicted.
	(0) CPU times
		Usr 0 00:09:39, Sys 0 00:00:46  -  Run Remote Usage
		Usr 0 00:00:00, Sys 0 00:00:00  -  Run Local Usage
	29271750  -  Run Bytes Sent By Job
	373  -  Run Bytes Received By Job
	Transfer output files failure at access point tamsa2 while receiving files from execution point slot1_9@node-w7.localdomain. Details: writing to file /data6/Users/snuintern1/tbchannel/gen_for_tb_LRSM/condorfilesoutput/WR3500_N3400_LO.output: (errno 2) No such file or directory
	Partitionable Resources :      Usage  Request Allocated 
	   Cpus                 :       1.00        5         5 
	   Disk (KB)            : 1538305           1      2048 
	   GPUs                 :                             0 
	   Memory (MB)          :    2908       16000     16000 
	   TimeExecute (s)      :     801                       
	   TimeSlotBusy (s)     :     803                       
...
012 (118526.000.000) 2025-04-22 22:58:50 Job was held.
	Transfer output files failure at access point tamsa2 while receiving files from execution point slot1_9@node-w7.localdomain. Details: writing to file /data6/Users/snuintern1/tbchannel/gen_for_tb_LRSM/condorfilesoutput/WR3500_N3400_LO.output: (errno 2) No such file or directory
	Code 12 Subcode 2
...
000 (123734.000.000) 2025-04-23 18:40:33 Job submitted from host: <172.30.1.200:9618?addrs=172.30.1.200-9618&alias=tamsa2&noUDP&sock=schedd_1978318_2d52>
...
009 (118526.000.000) 2025-04-23 18:48:04 Job was aborted.
	via condor_rm (by user snuintern1)

	Job terminated by itself at 2025-04-22T13:58:49Z (using method 0: OF_ITS_OWN_ACCORD).
...
040 (123734.000.000) 2025-04-23 19:15:15 Started transferring input files
	Transferring to host: <172.30.1.207:9618?addrs=172.30.1.207-9618&alias=node-w7.localdomain&noUDP&sock=slot1_4_9507_4a9c_23343>
...
001 (123734.000.000) 2025-04-23 19:15:16 Job executing on host: <172.30.1.207:9618?addrs=172.30.1.207-9618&alias=node-w7.localdomain&noUDP&sock=startd_9471_e58e>
	SlotName: slot1_4@node-w7.localdomain
	CondorScratchDir = "/var/lib/condor/execute/dir_2509266"
	Cpus = 5
	Disk = 2048
	GPUs = 0
	Memory = 16000
...
040 (123734.000.000) 2025-04-23 19:15:16 Finished transferring input files
...
006 (123734.000.000) 2025-04-23 19:15:29 Image size of job updated: 54324
	54  -  MemoryUsage of job (MB)
	54324  -  ResidentSetSize of job (KB)
...
006 (123734.000.000) 2025-04-23 19:20:29 Image size of job updated: 819020
	800  -  MemoryUsage of job (MB)
	819020  -  ResidentSetSize of job (KB)
...
006 (123734.000.000) 2025-04-23 19:25:30 Image size of job updated: 2699244
	2636  -  MemoryUsage of job (MB)
	2699244  -  ResidentSetSize of job (KB)
...
006 (123734.000.000) 2025-04-23 19:30:30 Image size of job updated: 3599624
	3327  -  MemoryUsage of job (MB)
	3406044  -  ResidentSetSize of job (KB)
...
006 (123734.000.000) 2025-04-23 19:32:01 Image size of job updated: 3622992
	3329  -  MemoryUsage of job (MB)
	3408320  -  ResidentSetSize of job (KB)
...
040 (123734.000.000) 2025-04-23 19:32:06 Entered queue to transfer output files
...
040 (123734.000.000) 2025-04-23 19:39:36 Started transferring output files
...
040 (123734.000.000) 2025-04-23 19:41:16 Finished transferring output files
...
005 (123734.000.000) 2025-04-23 19:41:16 Job terminated.
	(1) Normal termination (return value 0)
		Usr 0 00:08:59, Sys 0 00:00:29  -  Run Remote Usage
		Usr 0 00:00:00, Sys 0 00:00:00  -  Run Local Usage
		Usr 0 00:08:59, Sys 0 00:00:29  -  Total Remote Usage
		Usr 0 00:00:00, Sys 0 00:00:00  -  Total Local Usage
	588633088  -  Run Bytes Sent By Job
	598  -  Run Bytes Received By Job
	588633088  -  Total Bytes Sent By Job
	598  -  Total Bytes Received By Job
	Partitionable Resources :      Usage  Request Allocated 
	   Cpus                 :       0.04        5         5 
	   Disk (KB)            : 2090531           1      2048 
	   GPUs                 :                             0 
	   Memory (MB)          :    3329       16000     16000 
	   TimeExecute (s)      :    1005                       
	   TimeSlotBusy (s)     :    1561                       

	Job terminated of its own accord at 2025-04-23T10:32:01Z with exit-code 0.
...
