000 (118487.000.000) 2025-04-22 21:25:26 Job submitted from host: <172.30.1.200:9618?addrs=172.30.1.200-9618&alias=tamsa2&noUDP&sock=schedd_1978318_2d52>
...
040 (118487.000.000) 2025-04-22 21:25:47 Started transferring input files
	Transferring to host: <172.30.1.110:9618?addrs=172.30.1.110-9618&alias=node-g10.localdomain&noUDP&sock=slot1_22_3470132_aab1_8842>
...
040 (118487.000.000) 2025-04-22 21:25:47 Finished transferring input files
...
001 (118487.000.000) 2025-04-22 21:25:47 Job executing on host: <172.30.1.110:9618?addrs=172.30.1.110-9618&alias=node-g10.localdomain&noUDP&sock=startd_3470096_cde4>
	SlotName: slot1_22@node-g10.localdomain
	CondorScratchDir = "/var/lib/condor/execute/dir_4108627"
	Cpus = 5
	Disk = 2048
	GPUs = 0
	Memory = 16000
...
006 (118487.000.000) 2025-04-22 21:26:01 Image size of job updated: 49432
	49  -  MemoryUsage of job (MB)
	49432  -  ResidentSetSize of job (KB)
...
006 (118487.000.000) 2025-04-22 21:31:02 Image size of job updated: 923532
	902  -  MemoryUsage of job (MB)
	923532  -  ResidentSetSize of job (KB)
...
006 (118487.000.000) 2025-04-22 21:32:02 Image size of job updated: 1317056
	1287  -  MemoryUsage of job (MB)
	1317056  -  ResidentSetSize of job (KB)
...
040 (118487.000.000) 2025-04-22 21:32:03 Started transferring output files
...
040 (118487.000.000) 2025-04-22 21:32:03 Finished transferring output files
...
021 (118487.000.000) 2025-04-22 21:32:03 Error from starter on slot1_22@node-g10.localdomain:
	STARTER at 172.30.1.110 failed to send file(s) to <172.30.1.200:9618>: |Error: reading from file /var/lib/condor/execute/dir_4108627/genproductions/bin/MadGraph5_aMCatNLO/result_WR4000_N3900: (errno 2) No such file or directory; SHADOW failed to receive file(s) from <172.30.1.110:34077>
	Code 13 Subcode 2
...
004 (118487.000.000) 2025-04-22 21:32:03 Job was evicted.
	(0) CPU times
		Usr 0 00:00:41, Sys 0 00:00:14  -  Run Remote Usage
		Usr 0 00:00:00, Sys 0 00:00:00  -  Run Local Usage
	1600  -  Run Bytes Sent By Job
	372  -  Run Bytes Received By Job
	Transfer output files failure at execution point slot1_22@node-g10.localdomain while sending files to access point tamsa2. Details: reading from file /var/lib/condor/execute/dir_4108627/genproductions/bin/MadGraph5_aMCatNLO/result_WR4000_N3900: (errno 2) No such file or directory
	Partitionable Resources :      Usage  Request Allocated 
	   Cpus                 :       0.07        5         5 
	   Disk (KB)            : 1256958           1      2048 
	   GPUs                 :                             0 
	   Memory (MB)          :    1287       16000     16000 
	   TimeExecute (s)      :     375                       
	   TimeSlotBusy (s)     :     376                       
...
012 (118487.000.000) 2025-04-22 21:32:03 Job was held.
	Transfer output files failure at execution point slot1_22@node-g10.localdomain while sending files to access point tamsa2. Details: reading from file /var/lib/condor/execute/dir_4108627/genproductions/bin/MadGraph5_aMCatNLO/result_WR4000_N3900: (errno 2) No such file or directory
	Code 12 Subcode 2
...
009 (118487.000.000) 2025-04-22 21:33:08 Job was aborted.
	via condor_rm (by user snuintern1)

	Job terminated by itself at 2025-04-22T12:32:02Z (using method 0: OF_ITS_OWN_ACCORD).
...
