000 (118488.000.000) 2025-04-22 21:25:27 Job submitted from host: <172.30.1.200:9618?addrs=172.30.1.200-9618&alias=tamsa2&noUDP&sock=schedd_1978318_2d52>
...
040 (118488.000.000) 2025-04-22 21:26:47 Started transferring input files
	Transferring to host: <172.30.1.218:9618?addrs=172.30.1.218-9618&alias=node-w18.localdomain&noUDP&sock=slot1_1_10391_2640_38890>
...
040 (118488.000.000) 2025-04-22 21:26:47 Finished transferring input files
...
001 (118488.000.000) 2025-04-22 21:26:47 Job executing on host: <172.30.1.218:9618?addrs=172.30.1.218-9618&alias=node-w18.localdomain&noUDP&sock=startd_10356_eedf>
	SlotName: slot1_1@node-w18.localdomain
	CondorScratchDir = "/var/lib/condor/execute/dir_2641841"
	Cpus = 5
	Disk = 2048
	GPUs = 0
	Memory = 16000
...
006 (118488.000.000) 2025-04-22 21:27:01 Image size of job updated: 28252
	28  -  MemoryUsage of job (MB)
	28252  -  ResidentSetSize of job (KB)
...
006 (118488.000.000) 2025-04-22 21:31:48 Image size of job updated: 1317020
	1287  -  MemoryUsage of job (MB)
	1317020  -  ResidentSetSize of job (KB)
...
040 (118488.000.000) 2025-04-22 21:31:48 Started transferring output files
...
040 (118488.000.000) 2025-04-22 21:31:48 Finished transferring output files
...
021 (118488.000.000) 2025-04-22 21:31:48 Error from starter on slot1_1@node-w18.localdomain:
	STARTER at 172.30.1.218 failed to send file(s) to <172.30.1.200:9618>: |Error: reading from file /var/lib/condor/execute/dir_2641841/genproductions/bin/MadGraph5_aMCatNLO/result_WR4500_N4400: (errno 2) No such file or directory; SHADOW failed to receive file(s) from <172.30.1.218:39855>
	Code 13 Subcode 2
...
004 (118488.000.000) 2025-04-22 21:31:48 Job was evicted.
	(0) CPU times
		Usr 0 00:00:54, Sys 0 00:00:19  -  Run Remote Usage
		Usr 0 00:00:00, Sys 0 00:00:00  -  Run Local Usage
	1460  -  Run Bytes Sent By Job
	372  -  Run Bytes Received By Job
	Transfer output files failure at execution point slot1_1@node-w18.localdomain while sending files to access point tamsa2. Details: reading from file /var/lib/condor/execute/dir_2641841/genproductions/bin/MadGraph5_aMCatNLO/result_WR4500_N4400: (errno 2) No such file or directory
	Partitionable Resources :      Usage  Request Allocated 
	   Cpus                 :       0.19        5         5 
	   Disk (KB)            : 1256922           1      2048 
	   GPUs                 :                             0 
	   Memory (MB)          :    1287       16000     16000 
	   TimeExecute (s)      :     301                       
	   TimeSlotBusy (s)     :     301                       
...
012 (118488.000.000) 2025-04-22 21:31:48 Job was held.
	Transfer output files failure at execution point slot1_1@node-w18.localdomain while sending files to access point tamsa2. Details: reading from file /var/lib/condor/execute/dir_2641841/genproductions/bin/MadGraph5_aMCatNLO/result_WR4500_N4400: (errno 2) No such file or directory
	Code 12 Subcode 2
...
009 (118488.000.000) 2025-04-22 21:33:08 Job was aborted.
	via condor_rm (by user snuintern1)

	Job terminated by itself at 2025-04-22T12:31:48Z (using method 0: OF_ITS_OWN_ACCORD).
...
000 (118500.000.000) 2025-04-22 21:40:09 Job submitted from host: <172.30.1.200:9618?addrs=172.30.1.200-9618&alias=tamsa2&noUDP&sock=schedd_1978318_2d52>
...
040 (118500.000.000) 2025-04-22 21:40:22 Started transferring input files
	Transferring to host: <172.30.1.211:9618?addrs=172.30.1.211-9618&alias=node-w11.localdomain&noUDP&sock=slot1_5_9497_3edb_13254>
...
040 (118500.000.000) 2025-04-22 21:40:22 Finished transferring input files
...
001 (118500.000.000) 2025-04-22 21:40:22 Job executing on host: <172.30.1.211:9618?addrs=172.30.1.211-9618&alias=node-w11.localdomain&noUDP&sock=startd_9461_099c>
	SlotName: slot1_5@node-w11.localdomain
	CondorScratchDir = "/var/lib/condor/execute/dir_3772299"
	Cpus = 5
	Disk = 2048
	GPUs = 0
	Memory = 16000
...
006 (118500.000.000) 2025-04-22 21:40:36 Image size of job updated: 40564
	40  -  MemoryUsage of job (MB)
	40564  -  ResidentSetSize of job (KB)
...
006 (118500.000.000) 2025-04-22 21:45:37 Image size of job updated: 886104
	866  -  MemoryUsage of job (MB)
	886104  -  ResidentSetSize of job (KB)
...
006 (118500.000.000) 2025-04-22 21:46:43 Image size of job updated: 1273820
	1228  -  MemoryUsage of job (MB)
	1256604  -  ResidentSetSize of job (KB)
...
040 (118500.000.000) 2025-04-22 21:46:43 Started transferring output files
...
040 (118500.000.000) 2025-04-22 21:46:43 Finished transferring output files
...
021 (118500.000.000) 2025-04-22 21:46:43 Error from starter on slot1_5@node-w11.localdomain:
	STARTER at 172.30.1.211 failed to send file(s) to <172.30.1.200:9618>: |Error: reading from file /var/lib/condor/execute/dir_3772299/genproductions/bin/MadGraph5_aMCatNLO/result_WR4500_N4400: (errno 2) No such file or directory; SHADOW failed to receive file(s) from <172.30.1.211:44227>
	Code 13 Subcode 2
...
004 (118500.000.000) 2025-04-22 21:46:43 Job was evicted.
	(0) CPU times
		Usr 0 00:00:43, Sys 0 00:00:13  -  Run Remote Usage
		Usr 0 00:00:00, Sys 0 00:00:00  -  Run Local Usage
	683  -  Run Bytes Sent By Job
	372  -  Run Bytes Received By Job
	Transfer output files failure at execution point slot1_5@node-w11.localdomain while sending files to access point tamsa2. Details: reading from file /var/lib/condor/execute/dir_3772299/genproductions/bin/MadGraph5_aMCatNLO/result_WR4500_N4400: (errno 2) No such file or directory
	Partitionable Resources :      Usage  Request Allocated 
	   Cpus                 :       0.06        5         5 
	   Disk (KB)            : 1216779           1      2048 
	   GPUs                 :                             0 
	   Memory (MB)          :    1228       16000     16000 
	   TimeExecute (s)      :     381                       
	   TimeSlotBusy (s)     :     381                       
...
012 (118500.000.000) 2025-04-22 21:46:43 Job was held.
	Transfer output files failure at execution point slot1_5@node-w11.localdomain while sending files to access point tamsa2. Details: reading from file /var/lib/condor/execute/dir_3772299/genproductions/bin/MadGraph5_aMCatNLO/result_WR4500_N4400: (errno 2) No such file or directory
	Code 12 Subcode 2
...
000 (118516.000.000) 2025-04-22 22:30:31 Job submitted from host: <172.30.1.200:9618?addrs=172.30.1.200-9618&alias=tamsa2&noUDP&sock=schedd_1978318_2d52>
...
040 (118516.000.000) 2025-04-22 22:30:50 Started transferring input files
	Transferring to host: <172.30.1.221:9618?addrs=172.30.1.221-9618&alias=node-w21.localdomain&noUDP&sock=slot1_9_10398_14e0_39253>
...
040 (118516.000.000) 2025-04-22 22:30:50 Finished transferring input files
...
001 (118516.000.000) 2025-04-22 22:30:50 Job executing on host: <172.30.1.221:9618?addrs=172.30.1.221-9618&alias=node-w21.localdomain&noUDP&sock=startd_10362_0c71>
	SlotName: slot1_9@node-w21.localdomain
	CondorScratchDir = "/var/lib/condor/execute/dir_2728257"
	Cpus = 5
	Disk = 2048
	GPUs = 0
	Memory = 16000
...
006 (118516.000.000) 2025-04-22 22:31:04 Image size of job updated: 32488
	32  -  MemoryUsage of job (MB)
	32488  -  ResidentSetSize of job (KB)
...
006 (118516.000.000) 2025-04-22 22:36:04 Image size of job updated: 1073996
	1049  -  MemoryUsage of job (MB)
	1073996  -  ResidentSetSize of job (KB)
...
006 (118516.000.000) 2025-04-22 22:36:56 Image size of job updated: 1697168
	1350  -  MemoryUsage of job (MB)
	1381476  -  ResidentSetSize of job (KB)
...
040 (118516.000.000) 2025-04-22 22:36:56 Started transferring output files
...
040 (118516.000.000) 2025-04-22 22:36:56 Finished transferring output files
...
021 (118516.000.000) 2025-04-22 22:36:56 Error from starter on slot1_9@node-w21.localdomain:
	STARTER at 172.30.1.221 failed to send file(s) to <172.30.1.200:9618>; SHADOW at 172.30.1.200 - |Error: writing to file /data6/Users/snuintern1/tbchannel/gen_for_tb_LRSM/condorfilesoutput/WR4500_N4400_LO.output: (errno 2) No such file or directory
	Code 12 Subcode 2
...
004 (118516.000.000) 2025-04-22 22:36:56 Job was evicted.
	(0) CPU times
		Usr 0 00:01:10, Sys 0 00:00:27  -  Run Remote Usage
		Usr 0 00:00:00, Sys 0 00:00:00  -  Run Local Usage
	87111  -  Run Bytes Sent By Job
	373  -  Run Bytes Received By Job
	Transfer output files failure at access point tamsa2 while receiving files from execution point slot1_9@node-w21.localdomain. Details: writing to file /data6/Users/snuintern1/tbchannel/gen_for_tb_LRSM/condorfilesoutput/WR4500_N4400_LO.output: (errno 2) No such file or directory
	Partitionable Resources :      Usage  Request Allocated 
	   Cpus                 :       0.39        5         5 
	   Disk (KB)            : 1326521           1      2048 
	   GPUs                 :                             0 
	   Memory (MB)          :    1350       16000     16000 
	   TimeExecute (s)      :     366                       
	   TimeSlotBusy (s)     :     366                       
...
012 (118516.000.000) 2025-04-22 22:36:57 Job was held.
	Transfer output files failure at access point tamsa2 while receiving files from execution point slot1_9@node-w21.localdomain. Details: writing to file /data6/Users/snuintern1/tbchannel/gen_for_tb_LRSM/condorfilesoutput/WR4500_N4400_LO.output: (errno 2) No such file or directory
	Code 12 Subcode 2
...
