000 (118489.000.000) 2025-04-22 21:25:27 Job submitted from host: <172.30.1.200:9618?addrs=172.30.1.200-9618&alias=tamsa2&noUDP&sock=schedd_1978318_2d52>
...
040 (118489.000.000) 2025-04-22 21:26:47 Started transferring input files
	Transferring to host: <172.30.1.218:9618?addrs=172.30.1.218-9618&alias=node-w18.localdomain&noUDP&sock=slot1_34_10391_2640_38891>
...
040 (118489.000.000) 2025-04-22 21:26:47 Finished transferring input files
...
001 (118489.000.000) 2025-04-22 21:26:47 Job executing on host: <172.30.1.218:9618?addrs=172.30.1.218-9618&alias=node-w18.localdomain&noUDP&sock=startd_10356_eedf>
	SlotName: slot1_34@node-w18.localdomain
	CondorScratchDir = "/var/lib/condor/execute/dir_2641842"
	Cpus = 5
	Disk = 2048
	GPUs = 0
	Memory = 16000
...
006 (118489.000.000) 2025-04-22 21:27:01 Image size of job updated: 42644
	42  -  MemoryUsage of job (MB)
	42644  -  ResidentSetSize of job (KB)
...
006 (118489.000.000) 2025-04-22 21:31:16 Image size of job updated: 1317020
	1287  -  MemoryUsage of job (MB)
	1317020  -  ResidentSetSize of job (KB)
...
040 (118489.000.000) 2025-04-22 21:31:16 Started transferring output files
...
040 (118489.000.000) 2025-04-22 21:31:16 Finished transferring output files
...
021 (118489.000.000) 2025-04-22 21:31:16 Error from starter on slot1_34@node-w18.localdomain:
	STARTER at 172.30.1.218 failed to send file(s) to <172.30.1.200:9618>: |Error: reading from file /var/lib/condor/execute/dir_2641842/genproductions/bin/MadGraph5_aMCatNLO/result_WR5000_N4900: (errno 2) No such file or directory; SHADOW failed to receive file(s) from <172.30.1.218:35773>
	Code 13 Subcode 2
...
004 (118489.000.000) 2025-04-22 21:31:16 Job was evicted.
	(0) CPU times
		Usr 0 00:00:54, Sys 0 00:00:19  -  Run Remote Usage
		Usr 0 00:00:00, Sys 0 00:00:00  -  Run Local Usage
	683  -  Run Bytes Sent By Job
	372  -  Run Bytes Received By Job
	Transfer output files failure at execution point slot1_34@node-w18.localdomain while sending files to access point tamsa2. Details: reading from file /var/lib/condor/execute/dir_2641842/genproductions/bin/MadGraph5_aMCatNLO/result_WR5000_N4900: (errno 2) No such file or directory
	Partitionable Resources :      Usage  Request Allocated 
	   Cpus                 :       0.22        5         5 
	   Disk (KB)            : 1256921           1      2048 
	   GPUs                 :                             0 
	   Memory (MB)          :    1287       16000     16000 
	   TimeExecute (s)      :     269                       
	   TimeSlotBusy (s)     :     269                       
...
012 (118489.000.000) 2025-04-22 21:31:16 Job was held.
	Transfer output files failure at execution point slot1_34@node-w18.localdomain while sending files to access point tamsa2. Details: reading from file /var/lib/condor/execute/dir_2641842/genproductions/bin/MadGraph5_aMCatNLO/result_WR5000_N4900: (errno 2) No such file or directory
	Code 12 Subcode 2
...
009 (118489.000.000) 2025-04-22 21:33:08 Job was aborted.
	via condor_rm (by user snuintern1)

	Job terminated by itself at 2025-04-22T12:31:16Z (using method 0: OF_ITS_OWN_ACCORD).
...
