000 (118490.000.000) 2025-04-22 21:25:27 Job submitted from host: <172.30.1.200:9618?addrs=172.30.1.200-9618&alias=tamsa2&noUDP&sock=schedd_1978318_2d52>
...
040 (118490.000.000) 2025-04-22 21:26:47 Started transferring input files
	Transferring to host: <172.30.1.218:9618?addrs=172.30.1.218-9618&alias=node-w18.localdomain&noUDP&sock=slot1_36_10391_2640_38892>
...
040 (118490.000.000) 2025-04-22 21:26:47 Finished transferring input files
...
001 (118490.000.000) 2025-04-22 21:26:47 Job executing on host: <172.30.1.218:9618?addrs=172.30.1.218-9618&alias=node-w18.localdomain&noUDP&sock=startd_10356_eedf>
	SlotName: slot1_36@node-w18.localdomain
	CondorScratchDir = "/var/lib/condor/execute/dir_2641844"
	Cpus = 5
	Disk = 2048
	GPUs = 0
	Memory = 16000
...
006 (118490.000.000) 2025-04-22 21:27:01 Image size of job updated: 37464
	37  -  MemoryUsage of job (MB)
	37464  -  ResidentSetSize of job (KB)
...
006 (118490.000.000) 2025-04-22 21:31:55 Image size of job updated: 1666948
	1287  -  MemoryUsage of job (MB)
	1317056  -  ResidentSetSize of job (KB)
...
040 (118490.000.000) 2025-04-22 21:31:55 Started transferring output files
...
040 (118490.000.000) 2025-04-22 21:31:55 Finished transferring output files
...
021 (118490.000.000) 2025-04-22 21:31:55 Error from starter on slot1_36@node-w18.localdomain:
	STARTER at 172.30.1.218 failed to send file(s) to <172.30.1.200:9618>: |Error: reading from file /var/lib/condor/execute/dir_2641844/genproductions/bin/MadGraph5_aMCatNLO/result_WR5500_N5400: (errno 2) No such file or directory; SHADOW failed to receive file(s) from <172.30.1.218:40623>
	Code 13 Subcode 2
...
004 (118490.000.000) 2025-04-22 21:31:55 Job was evicted.
	(0) CPU times
		Usr 0 00:00:53, Sys 0 00:00:18  -  Run Remote Usage
		Usr 0 00:00:00, Sys 0 00:00:00  -  Run Local Usage
	1320  -  Run Bytes Sent By Job
	372  -  Run Bytes Received By Job
	Transfer output files failure at execution point slot1_36@node-w18.localdomain while sending files to access point tamsa2. Details: reading from file /var/lib/condor/execute/dir_2641844/genproductions/bin/MadGraph5_aMCatNLO/result_WR5500_N5400: (errno 2) No such file or directory
	Partitionable Resources :      Usage  Request Allocated 
	   Cpus                 :       0.24        5         5 
	   Disk (KB)            : 1256957           1      2048 
	   GPUs                 :                             0 
	   Memory (MB)          :    1287       16000     16000 
	   TimeExecute (s)      :     308                       
	   TimeSlotBusy (s)     :     308                       
...
012 (118490.000.000) 2025-04-22 21:31:55 Job was held.
	Transfer output files failure at execution point slot1_36@node-w18.localdomain while sending files to access point tamsa2. Details: reading from file /var/lib/condor/execute/dir_2641844/genproductions/bin/MadGraph5_aMCatNLO/result_WR5500_N5400: (errno 2) No such file or directory
	Code 12 Subcode 2
...
009 (118490.000.000) 2025-04-22 21:33:08 Job was aborted.
	via condor_rm (by user snuintern1)

	Job terminated by itself at 2025-04-22T12:31:55Z (using method 0: OF_ITS_OWN_ACCORD).
...
