000 (118492.000.000) 2025-04-22 21:25:27 Job submitted from host: <172.30.1.200:9618?addrs=172.30.1.200-9618&alias=tamsa2&noUDP&sock=schedd_1978318_2d52>
...
040 (118492.000.000) 2025-04-22 21:26:47 Started transferring input files
	Transferring to host: <172.30.1.218:9618?addrs=172.30.1.218-9618&alias=node-w18.localdomain&noUDP&sock=slot1_48_10391_2640_38894>
...
001 (118492.000.000) 2025-04-22 21:26:47 Job executing on host: <172.30.1.218:9618?addrs=172.30.1.218-9618&alias=node-w18.localdomain&noUDP&sock=startd_10356_eedf>
	SlotName: slot1_48@node-w18.localdomain
	CondorScratchDir = "/var/lib/condor/execute/dir_2641848"
	Cpus = 5
	Disk = 2048
	GPUs = 0
	Memory = 16000
...
040 (118492.000.000) 2025-04-22 21:26:47 Finished transferring input files
...
006 (118492.000.000) 2025-04-22 21:27:01 Image size of job updated: 38272
	38  -  MemoryUsage of job (MB)
	38272  -  ResidentSetSize of job (KB)
...
006 (118492.000.000) 2025-04-22 21:31:48 Image size of job updated: 1317024
	1287  -  MemoryUsage of job (MB)
	1317024  -  ResidentSetSize of job (KB)
...
040 (118492.000.000) 2025-04-22 21:31:49 Started transferring output files
...
040 (118492.000.000) 2025-04-22 21:31:49 Finished transferring output files
...
021 (118492.000.000) 2025-04-22 21:31:49 Error from starter on slot1_48@node-w18.localdomain:
	STARTER at 172.30.1.218 failed to send file(s) to <172.30.1.200:9618>: |Error: reading from file /var/lib/condor/execute/dir_2641848/genproductions/bin/MadGraph5_aMCatNLO/result_WR6500_N6400: (errno 2) No such file or directory; SHADOW failed to receive file(s) from <172.30.1.218:44233>
	Code 13 Subcode 2
...
004 (118492.000.000) 2025-04-22 21:31:49 Job was evicted.
	(0) CPU times
		Usr 0 00:00:53, Sys 0 00:00:19  -  Run Remote Usage
		Usr 0 00:00:00, Sys 0 00:00:00  -  Run Local Usage
	1495  -  Run Bytes Sent By Job
	372  -  Run Bytes Received By Job
	Transfer output files failure at execution point slot1_48@node-w18.localdomain while sending files to access point tamsa2. Details: reading from file /var/lib/condor/execute/dir_2641848/genproductions/bin/MadGraph5_aMCatNLO/result_WR6500_N6400: (errno 2) No such file or directory
	Partitionable Resources :      Usage  Request Allocated 
	   Cpus                 :       0.15        5         5 
	   Disk (KB)            : 1256925           1      2048 
	   GPUs                 :                             0 
	   Memory (MB)          :    1287       16000     16000 
	   TimeExecute (s)      :     301                       
	   TimeSlotBusy (s)     :     302                       
...
012 (118492.000.000) 2025-04-22 21:31:49 Job was held.
	Transfer output files failure at execution point slot1_48@node-w18.localdomain while sending files to access point tamsa2. Details: reading from file /var/lib/condor/execute/dir_2641848/genproductions/bin/MadGraph5_aMCatNLO/result_WR6500_N6400: (errno 2) No such file or directory
	Code 12 Subcode 2
...
009 (118492.000.000) 2025-04-22 21:33:08 Job was aborted.
	via condor_rm (by user snuintern1)

	Job terminated by itself at 2025-04-22T12:31:48Z (using method 0: OF_ITS_OWN_ACCORD).
...
